#
# There is insufficient memory for the Java Runtime Environment to continue.
# Native memory allocation (malloc) failed to allocate 161456 bytes for Chunk::new
# Possible reasons:
#   The system is out of physical RAM or swap space
#   In 32 bit mode, the process size limit was hit
# Possible solutions:
#   Reduce memory load on the system
#   Increase physical memory or swap space
#   Check if swap backing store is full
#   Use 64 bit Java on a 64 bit OS
#   Decrease Java heap size (-Xmx/-Xms)
#   Decrease number of Java threads
#   Decrease Java thread stack sizes (-Xss)
#   Set larger code cache with -XX:ReservedCodeCacheSize=
# This output file may be truncated or incomplete.
#
#  Out of Memory Error (allocation.cpp:390), pid=4268, tid=0x0000000000002ca8
#
# JRE version: Java(TM) SE Runtime Environment (8.0_101-b13) (build 1.8.0_101-b13)
# Java VM: Java HotSpot(TM) 64-Bit Server VM (25.101-b13 mixed mode windows-amd64 compressed oops)
# Failed to write core dump. Minidumps are not enabled by default on client versions of Windows
#

---------------  T H R E A D  ---------------

Current thread (0x0000000015158000):  JavaThread "C2 CompilerThread0" daemon [_thread_in_native, id=11432, stack(0x0000000016780000,0x0000000016880000)]

Stack: [0x0000000016780000,0x0000000016880000]
[error occurred during error reporting (printing stack bounds), id 0xc0000005]

Native frames: (J=compiled Java code, j=interpreted, Vv=VM code, C=native code)


Current CompileTask:
C2:   4867 1467       4       com.android.dx.ssa.back.LivenessAnalyzer::run (231 bytes)


---------------  P R O C E S S  ---------------

Java Threads: ( => current thread )
  0x0000000016afd800 JavaThread "pool-1-thread-4" [_thread_in_Java, id=12232, stack(0x0000000017480000,0x0000000017580000)]
  0x0000000016afc000 JavaThread "pool-1-thread-3" [_thread_in_vm, id=6160, stack(0x0000000017380000,0x0000000017480000)]
  0x0000000016af8000 JavaThread "pool-1-thread-2" [_thread_blocked, id=6892, stack(0x0000000017280000,0x0000000017380000)]
  0x0000000016af2800 JavaThread "pool-2-thread-1" [_thread_blocked, id=12124, stack(0x0000000017180000,0x0000000017280000)]
  0x0000000016ad3800 JavaThread "pool-1-thread-1" [_thread_blocked, id=2692, stack(0x0000000017080000,0x0000000017180000)]
  0x00000000168cf800 JavaThread "Service Thread" daemon [_thread_blocked, id=10360, stack(0x0000000016e80000,0x0000000016f80000)]
  0x00000000168cd000 JavaThread "C1 CompilerThread2" daemon [_thread_blocked, id=3928, stack(0x0000000016d80000,0x0000000016e80000)]
  0x00000000168ca000 JavaThread "C2 CompilerThread1" daemon [_thread_in_native, id=11032, stack(0x0000000016c80000,0x0000000016d80000)]
=>0x0000000015158000 JavaThread "C2 CompilerThread0" daemon [_thread_in_native, id=11432, stack(0x0000000016780000,0x0000000016880000)]
  0x0000000015156000 JavaThread "Attach Listener" daemon [_thread_blocked, id=8316, stack(0x0000000016680000,0x0000000016780000)]
  0x0000000015148000 JavaThread "Signal Dispatcher" daemon [_thread_blocked, id=11996, stack(0x0000000016580000,0x0000000016680000)]
  0x0000000002a7a000 JavaThread "Finalizer" daemon [_thread_blocked, id=9920, stack(0x00000000163a0000,0x00000000164a0000)]
  0x0000000002a6f800 JavaThread "Reference Handler" daemon [_thread_blocked, id=11604, stack(0x00000000162a0000,0x00000000163a0000)]
  0x0000000002980800 JavaThread "main" [_thread_in_Java, id=11696, stack(0x0000000002880000,0x0000000002980000)]

Other Threads:
  0x0000000015118000 VMThread [stack: 0x00000000161a0000,0x00000000162a0000] [id=9540]
  0x000000001691b000 WatcherThread [stack: 0x0000000016f80000,0x0000000017080000] [id=4604]

VM state:not at safepoint (normal execution)

VM Mutex/Monitor currently owned by a thread: None

Heap:
 PSYoungGen      total 38400K, used 31467K [0x00000000eab00000, 0x00000000ed580000, 0x0000000100000000)
  eden space 33280K, 79% used [0x00000000eab00000,0x00000000ec4c0438,0x00000000ecb80000)
  from space 5120K, 99% used [0x00000000ecb80000,0x00000000ed07aab8,0x00000000ed080000)
  to   space 5120K, 0% used [0x00000000ed080000,0x00000000ed080000,0x00000000ed580000)
 ParOldGen       total 87552K, used 1458K [0x00000000c0000000, 0x00000000c5580000, 0x00000000eab00000)
  object space 87552K, 1% used [0x00000000c0000000,0x00000000c016cb28,0x00000000c5580000)
 Metaspace       used 6183K, capacity 7030K, committed 7296K, reserved 1056768K
  class space    used 607K, capacity 622K, committed 640K, reserved 1048576K

Card table byte_map: [0x0000000011e40000,0x0000000012050000] byte_map_base: 0x0000000011840000

Marking Bits: (ParMarkBitMap*) 0x0000000065dba6d0
 Begin Bits: [0x00000000125b0000, 0x00000000135b0000)
 End Bits:   [0x00000000135b0000, 0x00000000145b0000)

Polling page: 0x00000000027c0000

CodeCache: size=245760Kb used=6284Kb max_used=6298Kb free=239475Kb
 bounds [0x0000000002a80000, 0x00000000030c0000, 0x0000000011a80000]
 total_blobs=1742 nmethods=1473 adapters=182
 compilation: enabled

Compilation events (10 events):
Event: 4.754 Thread 0x00000000168cd000 1487       3       com.android.dx.dex.file.EncodedField::<init> (25 bytes)
Event: 4.754 Thread 0x00000000168cd000 nmethod 1487 0x0000000003095ed0 code [0x0000000003096060, 0x0000000003096388]
Event: 4.765 Thread 0x0000000015158000 nmethod 1466 0x00000000030a10d0 code [0x00000000030a1280, 0x00000000030a2098]
Event: 4.765 Thread 0x0000000015158000 1467       4       com.android.dx.ssa.back.LivenessAnalyzer::run (231 bytes)
Event: 4.775 Thread 0x00000000168ca000 nmethod 1448 0x00000000030a6dd0 code [0x00000000030a7320, 0x00000000030aa560]
Event: 4.775 Thread 0x00000000168ca000 1488       4       com.android.dx.rop.code.InsnList::<init> (6 bytes)
Event: 4.777 Thread 0x00000000168ca000 nmethod 1488 0x000000000309f510 code [0x000000000309f660, 0x000000000309f7b8]
Event: 4.777 Thread 0x00000000168ca000 1458       4       com.android.dx.rop.code.PlainInsn::withNewRegisters (18 bytes)
Event: 4.779 Thread 0x00000000168ca000 nmethod 1458 0x000000000309f010 code [0x000000000309f160, 0x000000000309f318]
Event: 4.779 Thread 0x00000000168ca000 1481       4       com.android.dx.ssa.LiteralOpUpgrader$1::visitNonMoveInsn (203 bytes)

GC Heap History (2 events):
Event: 3.413 GC heap before
{Heap before GC invocations=1 (full 0):
 PSYoungGen      total 38400K, used 33280K [0x00000000eab00000, 0x00000000ed580000, 0x0000000100000000)
  eden space 33280K, 100% used [0x00000000eab00000,0x00000000ecb80000,0x00000000ecb80000)
  from space 5120K, 0% used [0x00000000ed080000,0x00000000ed080000,0x00000000ed580000)
  to   space 5120K, 0% used [0x00000000ecb80000,0x00000000ecb80000,0x00000000ed080000)
 ParOldGen       total 87552K, used 0K [0x00000000c0000000, 0x00000000c5580000, 0x00000000eab00000)
  object space 87552K, 0% used [0x00000000c0000000,0x00000000c0000000,0x00000000c5580000)
 Metaspace       used 6077K, capacity 6966K, committed 7040K, reserved 1056768K
  class space    used 604K, capacity 622K, committed 640K, reserved 1048576K
Event: 3.696 GC heap after
Heap after GC invocations=1 (full 0):
 PSYoungGen      total 38400K, used 5098K [0x00000000eab00000, 0x00000000ed580000, 0x0000000100000000)
  eden space 33280K, 0% used [0x00000000eab00000,0x00000000eab00000,0x00000000ecb80000)
  from space 5120K, 99% used [0x00000000ecb80000,0x00000000ed07aab8,0x00000000ed080000)
  to   space 5120K, 0% used [0x00000000ed080000,0x00000000ed080000,0x00000000ed580000)
 ParOldGen       total 87552K, used 1458K [0x00000000c0000000, 0x00000000c5580000, 0x00000000eab00000)
  object space 87552K, 1% used [0x00000000c0000000,0x00000000c016cb28,0x00000000c5580000)
 Metaspace       used 6077K, capacity 6966K, committed 7040K, reserved 1056768K
  class space    used 604K, capacity 622K, committed 640K, reserved 1048576K
}

Deoptimization events (10 events):
Event: 3.388 Thread 0x0000000016afd800 Uncommon trap: reason=bimorphic action=maybe_recompile pc=0x0000000002cb95dc method=java.util.HashMap.getNode(ILjava/lang/Object;)Ljava/util/HashMap$Node; @ 126
Event: 3.388 Thread 0x0000000016afd800 Uncommon trap: reason=class_check action=maybe_recompile pc=0x0000000002f32290 method=java.util.HashMap.putVal(ILjava/lang/Object;Ljava/lang/Object;ZZ)Ljava/lang/Object; @ 203
Event: 3.389 Thread 0x0000000016afd800 Uncommon trap: reason=bimorphic action=maybe_recompile pc=0x0000000002cb95dc method=java.util.HashMap.getNode(ILjava/lang/Object;)Ljava/util/HashMap$Node; @ 126
Event: 3.389 Thread 0x0000000016afd800 Uncommon trap: reason=class_check action=maybe_recompile pc=0x0000000002f32290 method=java.util.HashMap.putVal(ILjava/lang/Object;Ljava/lang/Object;ZZ)Ljava/lang/Object; @ 203
Event: 3.389 Thread 0x0000000016afd800 Uncommon trap: reason=bimorphic action=maybe_recompile pc=0x0000000002cb95dc method=java.util.HashMap.getNode(ILjava/lang/Object;)Ljava/util/HashMap$Node; @ 126
Event: 3.389 Thread 0x0000000016afd800 Uncommon trap: reason=class_check action=maybe_recompile pc=0x0000000002f32290 method=java.util.HashMap.putVal(ILjava/lang/Object;Ljava/lang/Object;ZZ)Ljava/lang/Object; @ 203
Event: 3.389 Thread 0x0000000016afd800 Uncommon trap: reason=bimorphic action=maybe_recompile pc=0x0000000002ca2e58 method=java.util.HashMap.getNode(ILjava/lang/Object;)Ljava/util/HashMap$Node; @ 126
Event: 3.835 Thread 0x0000000016af8000 Uncommon trap: reason=null_check action=make_not_entrant pc=0x0000000002d8b740 method=com.android.dx.ssa.SsaRenamer.getLocalForNewReg(I)Lcom/android/dx/rop/code/LocalItem; @ 19
Event: 4.719 Thread 0x0000000016afc000 Uncommon trap: reason=class_check action=maybe_recompile pc=0x000000000306a574 method=com.android.dx.rop.code.RegisterSpec.withSimpleType()Lcom/android/dx/rop/code/RegisterSpec; @ 21
Event: 4.719 Thread 0x0000000016afc000 Uncommon trap: reason=class_check action=maybe_recompile pc=0x000000000306a574 method=com.android.dx.rop.code.RegisterSpec.withSimpleType()Lcom/android/dx/rop/code/RegisterSpec; @ 21

Internal exceptions (4 events):
Event: 0.043 Thread 0x0000000002980800 Exception <a 'java/lang/NoSuchMethodError': Method sun.misc.Unsafe.defineClass(Ljava/lang/String;[BII)Ljava/lang/Class; name or signature does not match> (0x00000000eab07cc0) thrown at [C:\re\workspace\8-2-build-windows-amd64-cygwin\jdk8u101\7261\hotspot\s§[wíêÿ•?
Event: 0.043 Thread 0x0000000002980800 Exception <a 'java/lang/NoSuchMethodError': Method sun.misc.Unsafe.prefetchRead(Ljava/lang/Object;J)V name or signature does not match> (0x00000000eab07fa8) thrown at [C:\re\workspace\8-2-build-windows-amd64-cygwin\jdk8u101\7261\hotspot\src\share\vm\prims\,º+ä‰@
Event: 2.737 Thread 0x0000000016af8000 Implicit null exception at 0x0000000002e13c62 to 0x0000000002e13d52
Event: 3.835 Thread 0x0000000016af8000 Implicit null exception at 0x0000000002d896c2 to 0x0000000002d8b6fd

Events (10 events):
Event: 4.702 Thread 0x0000000016afc000 DEOPT PACKING pc=0x0000000002dd1249 sp=0x000000001747e530
Event: 4.702 Thread 0x0000000016afc000 DEOPT UNPACKING pc=0x0000000002ac787f sp=0x000000001747e2f8 mode 0
Event: 4.719 Thread 0x0000000016afc000 Uncommon trap: trap_request=0xffffffde fr.pc=0x000000000306a574
Event: 4.719 Thread 0x0000000016afc000 DEOPT PACKING pc=0x000000000306a574 sp=0x000000001747e680
Event: 4.719 Thread 0x0000000016afc000 DEOPT UNPACKING pc=0x0000000002ac582a sp=0x000000001747e5f8 mode 2
Event: 4.719 Thread 0x0000000016afc000 Uncommon trap: trap_request=0xffffffde fr.pc=0x000000000306a574
Event: 4.719 Thread 0x0000000016afc000 DEOPT PACKING pc=0x000000000306a574 sp=0x000000001747e680
Event: 4.719 Thread 0x0000000016afc000 DEOPT UNPACKING pc=0x0000000002ac582a sp=0x000000001747e5f8 mode 2
Event: 4.749 Thread 0x0000000016af8000 DEOPT PACKING pc=0x0000000002dd1249 sp=0x000000001737e970
Event: 4.749 Thread 0x0000000016af8000 DEOPT UNPACKING pc=0x0000000002ac787f sp=0x000000001737e738 mode 0


Dynamic libraries:
0x00007ff699130000 - 0x00007ff699167000 	C:\Program Files\Java\jdk1.8.0_101\bin\java.exe
0x00007ff826700000 - 0x00007ff8268c1000 	C:\WINDOWS\SYSTEM32\ntdll.dll
0x00007ff824500000 - 0x00007ff8245ad000 	C:\WINDOWS\system32\KERNEL32.DLL
0x00007ff823570000 - 0x00007ff823758000 	C:\WINDOWS\system32\KERNELBASE.dll
0x00007ff823ef0000 - 0x00007ff823f97000 	C:\WINDOWS\system32\ADVAPI32.dll
0x00007ff823e50000 - 0x00007ff823eed000 	C:\WINDOWS\system32\msvcrt.dll
0x00007ff823b00000 - 0x00007ff823b5b000 	C:\WINDOWS\system32\sechost.dll
0x00007ff824220000 - 0x00007ff82433c000 	C:\WINDOWS\system32\RPCRT4.dll
0x00007ff825e40000 - 0x00007ff825f96000 	C:\WINDOWS\system32\USER32.dll
0x00007ff8263d0000 - 0x00007ff826556000 	C:\WINDOWS\system32\GDI32.dll
0x00007ff810ac0000 - 0x00007ff810d34000 	C:\WINDOWS\WinSxS\amd64_microsoft.windows.common-controls_6595b64144ccf1df_6.0.10586.589_none_a2ddb3caa539acce\COMCTL32.dll
0x00007ff823fa0000 - 0x00007ff82421d000 	C:\WINDOWS\system32\combase.dll
0x00007ff823a90000 - 0x00007ff823afa000 	C:\WINDOWS\system32\bcryptPrimitives.dll
0x00007ff826560000 - 0x00007ff82659b000 	C:\WINDOWS\system32\IMM32.DLL
0x0000000065e40000 - 0x0000000065f12000 	C:\Program Files\Java\jdk1.8.0_101\jre\bin\msvcr100.dll
0x00000000655a0000 - 0x0000000065e3a000 	C:\Program Files\Java\jdk1.8.0_101\jre\bin\server\jvm.dll
0x00007ff824660000 - 0x00007ff824668000 	C:\WINDOWS\system32\PSAPI.DLL
0x00007ff80f7c0000 - 0x00007ff80f7c9000 	C:\WINDOWS\SYSTEM32\WSOCK32.dll
0x00007ff824470000 - 0x00007ff8244db000 	C:\WINDOWS\system32\WS2_32.dll
0x00007ff820fa0000 - 0x00007ff820fc3000 	C:\WINDOWS\SYSTEM32\WINMM.dll
0x00007ff81e3e0000 - 0x00007ff81e3ea000 	C:\WINDOWS\SYSTEM32\VERSION.dll
0x00007ff820f40000 - 0x00007ff820f6c000 	C:\WINDOWS\SYSTEM32\WINMMBASE.dll
0x00007ff823930000 - 0x00007ff823973000 	C:\WINDOWS\system32\cfgmgr32.dll
0x0000000065590000 - 0x000000006559f000 	C:\Program Files\Java\jdk1.8.0_101\jre\bin\verify.dll
0x0000000065560000 - 0x0000000065589000 	C:\Program Files\Java\jdk1.8.0_101\jre\bin\java.dll
0x0000000065540000 - 0x0000000065556000 	C:\Program Files\Java\jdk1.8.0_101\jre\bin\zip.dll
0x00007ff824670000 - 0x00007ff825bcc000 	C:\WINDOWS\system32\SHELL32.dll
0x00007ff822e70000 - 0x00007ff8234b5000 	C:\WINDOWS\system32\windows.storage.dll
0x00007ff823bd0000 - 0x00007ff823c22000 	C:\WINDOWS\system32\shlwapi.dll
0x00007ff822d30000 - 0x00007ff822d3f000 	C:\WINDOWS\system32\kernel.appcore.dll
0x00007ff822db0000 - 0x00007ff822e65000 	C:\WINDOWS\system32\shcore.dll
0x00007ff822d40000 - 0x00007ff822d8b000 	C:\WINDOWS\system32\powrprof.dll
0x00007ff822d90000 - 0x00007ff822da4000 	C:\WINDOWS\system32\profapi.dll

VM Arguments:
jvm_args: -Djava.awt.headless=true -Xmx1024M -Dfile.encoding=windows-1255 -Duser.country=US -Duser.language=en -Duser.variant 
java_command: com.android.dx.command.Main --dex --num-threads=4 --output C:\Programming\ChooserAndroid\app\build\intermediates\pre-dexed\debug\com.android.support-recyclerview-v7-23.4.0_1ac539c53830db1e56e33c5910fb812f0171af8f.jar C:\Programming\ChooserAndroid\app\build\intermediates\exploded-aar\com.android.support\recyclerview-v7\23.4.0\jars\classes.jar
java_class_path (initial): C:\Users\Barak\AppData\Local\Android\sdk\build-tools\23.0.2\lib\dx.jar
Launcher Type: SUN_STANDARD

Environment Variables:
PATH=C:\ProgramData\Oracle\Java\javapath;C:\WINDOWS\system32;C:\WINDOWS;C:\WINDOWS\System32\Wbem;C:\WINDOWS\System32\WindowsPowerShell\v1.0\;C:\Program Files (x86)\ATI Technologies\ATI.ACE\Core-Static;C:\Program Files\Git\cmd;C:\Program Files\Microsoft SQL Server\Client SDK\ODBC\110\Tools\Binn\;C:\Program Files (x86)\Microsoft SQL Server\120\Tools\Binn\;C:\Program Files\Microsoft SQL Server\120\Tools\Binn\;C:\Program Files\Microsoft SQL Server\120\DTS\Binn\;C:\Program Files (x86)\Windows Kits\8.1\Windows Performance Toolkit\;C:\Program Files\nodejs\;C:\Program Files\Microsoft SQL Server\130\Tools\Binn\;C:\Users\Barak\AppData\Roaming\npm;C:\Users\Barak\AppData\Local\atom\bin
USERNAME=Barak
OS=Windows_NT
PROCESSOR_IDENTIFIER=Intel64 Family 6 Model 42 Stepping 7, GenuineIntel



---------------  S Y S T E M  ---------------

OS: Windows 10.0 , 64 bit Build 10586 (10.0.10586.589)

CPU:total 4 (2 cores per cpu, 2 threads per core) family 6 model 42 stepping 7, cmov, cx8, fxsr, mmx, sse, sse2, sse3, ssse3, sse4.1, sse4.2, popcnt, avx, clmul, ht, tsc, tscinvbit

Memory: 4k page, physical 8297704k(626380k free), swap 12060088k(5144k free)

vm_info: Java HotSpot(TM) 64-Bit Server VM (25.101-b13) for windows-amd64 JRE (1.8.0_101-b13), built on Jun 22 2016 01:21:29 by "java_re" with MS VC++ 10.0 (VS2010)

time: Mon Sep 26 22:34:28 2016
elapsed time: 4 seconds (0d 0h 0m 4s)

