#
# There is insufficient memory for the Java Runtime Environment to continue.
# Native memory allocation (malloc) failed to allocate 531232 bytes for Chunk::new
# Possible reasons:
#   The system is out of physical RAM or swap space
#   In 32 bit mode, the process size limit was hit
# Possible solutions:
#   Reduce memory load on the system
#   Increase physical memory or swap space
#   Check if swap backing store is full
#   Use 64 bit Java on a 64 bit OS
#   Decrease Java heap size (-Xmx/-Xms)
#   Decrease number of Java threads
#   Decrease Java thread stack sizes (-Xss)
#   Set larger code cache with -XX:ReservedCodeCacheSize=
# This output file may be truncated or incomplete.
#
#  Out of Memory Error (allocation.cpp:390), pid=15076, tid=0x0000000000003958
#
# JRE version: Java(TM) SE Runtime Environment (8.0_101-b13) (build 1.8.0_101-b13)
# Java VM: Java HotSpot(TM) 64-Bit Server VM (25.101-b13 mixed mode windows-amd64 compressed oops)
# Failed to write core dump. Minidumps are not enabled by default on client versions of Windows
#

---------------  T H R E A D  ---------------

Current thread (0x0000000014f02800):  JavaThread "C2 CompilerThread1" daemon [_thread_in_native, id=14680, stack(0x00000000165e0000,0x00000000166e0000)]

Stack: [0x00000000165e0000,0x00000000166e0000]
[error occurred during error reporting (printing stack bounds), id 0xc0000005]

Native frames: (J=compiled Java code, j=interpreted, Vv=VM code, C=native code)


Current CompileTask:
C2:  10434 2516       4       com.android.dx.dex.code.LocalList::make (102 bytes)


---------------  P R O C E S S  ---------------

Java Threads: ( => current thread )
  0x00000000169b7800 JavaThread "pool-1-thread-1" [_thread_in_Java, id=15276, stack(0x0000000018ab0000,0x0000000018bb0000)]
  0x0000000014f0e800 JavaThread "Service Thread" daemon [_thread_blocked, id=10992, stack(0x0000000016be0000,0x0000000016ce0000)]
  0x0000000014f09800 JavaThread "C1 CompilerThread2" daemon [_thread_blocked, id=8436, stack(0x0000000016ae0000,0x0000000016be0000)]
=>0x0000000014f02800 JavaThread "C2 CompilerThread1" daemon [_thread_in_native, id=14680, stack(0x00000000165e0000,0x00000000166e0000)]
  0x0000000014eff000 JavaThread "C2 CompilerThread0" daemon [_thread_blocked, id=15208, stack(0x00000000164e0000,0x00000000165e0000)]
  0x0000000014efd000 JavaThread "Attach Listener" daemon [_thread_blocked, id=14404, stack(0x00000000163e0000,0x00000000164e0000)]
  0x0000000014efc800 JavaThread "Signal Dispatcher" daemon [_thread_blocked, id=15300, stack(0x00000000162e0000,0x00000000163e0000)]
  0x00000000027d4800 JavaThread "Finalizer" daemon [_thread_blocked, id=14772, stack(0x0000000016100000,0x0000000016200000)]
  0x00000000027cf000 JavaThread "Reference Handler" daemon [_thread_blocked, id=14952, stack(0x0000000016000000,0x0000000016100000)]
  0x00000000026e0800 JavaThread "main" [_thread_blocked, id=4840, stack(0x0000000002550000,0x0000000002650000)]

Other Threads:
  0x0000000014e78000 VMThread [stack: 0x0000000015f00000,0x0000000016000000] [id=14508]
  0x000000001677b000 WatcherThread [stack: 0x0000000016ce0000,0x0000000016de0000] [id=84]

VM state:not at safepoint (normal execution)

VM Mutex/Monitor currently owned by a thread: None

Heap:
 PSYoungGen      total 145920K, used 104592K [0x00000000eab00000, 0x00000000f5000000, 0x0000000100000000)
  eden space 130560K, 68% used [0x00000000eab00000,0x00000000f02294a8,0x00000000f2a80000)
  from space 15360K, 99% used [0x00000000f3c00000,0x00000000f4afac28,0x00000000f4b00000)
  to   space 17920K, 0% used [0x00000000f2a80000,0x00000000f2a80000,0x00000000f3c00000)
 ParOldGen       total 87552K, used 24613K [0x00000000c0000000, 0x00000000c5580000, 0x00000000eab00000)
  object space 87552K, 28% used [0x00000000c0000000,0x00000000c1809580,0x00000000c5580000)
 Metaspace       used 6688K, capacity 7544K, committed 7680K, reserved 1056768K
  class space    used 632K, capacity 688K, committed 768K, reserved 1048576K

Card table byte_map: [0x0000000011ba0000,0x0000000011db0000] byte_map_base: 0x00000000115a0000

Marking Bits: (ParMarkBitMap*) 0x0000000065dba6d0
 Begin Bits: [0x0000000012310000, 0x0000000013310000)
 End Bits:   [0x0000000013310000, 0x0000000014310000)

Polling page: 0x00000000009f0000

CodeCache: size=245760Kb used=10651Kb max_used=10663Kb free=235108Kb
 bounds [0x00000000027e0000, 0x0000000003260000, 0x00000000117e0000]
 total_blobs=2615 nmethods=2351 adapters=176
 compilation: enabled

Compilation events (10 events):
Event: 10.344 Thread 0x0000000014eff000 2524       4       com.android.dx.dex.code.form.Form22c::isCompatible (99 bytes)
Event: 10.347 Thread 0x0000000014eff000 nmethod 2524 0x0000000003230310 code [0x0000000003230480, 0x0000000003230678]
Event: 10.395 Thread 0x0000000014eff000 2526       4       com.android.dx.rop.code.RegisterSpecList$Expander::expandRegister (85 bytes)
Event: 10.399 Thread 0x0000000014eff000 nmethod 2526 0x0000000003242d90 code [0x0000000003242f00, 0x00000000032431c8]
Event: 10.404 Thread 0x0000000014f09800 2527       3       com.android.dx.dex.code.SimpleInsn::withOpcode (17 bytes)
Event: 10.405 Thread 0x0000000014f09800 nmethod 2527 0x0000000003242690 code [0x0000000003242800, 0x0000000003242be8]
Event: 10.406 Thread 0x0000000014f09800 2528       1       com.android.dx.dex.code.form.Form21h::codeSize (2 bytes)
Event: 10.406 Thread 0x0000000014f09800 nmethod 2528 0x0000000003252d90 code [0x0000000003252ee0, 0x0000000003252ff0]
Event: 10.408 Thread 0x0000000014eff000 2529       4       com.android.dx.dex.code.OutputFinisher::reserveRegisters (119 bytes)
Event: 10.413 Thread 0x0000000014eff000 nmethod 2529 0x0000000003250e90 code [0x0000000003251000, 0x00000000032513f8]

GC Heap History (10 events):
Event: 3.640 GC heap before
{Heap before GC invocations=2 (full 0):
 PSYoungGen      total 38400K, used 38369K [0x00000000eab00000, 0x00000000ed580000, 0x0000000100000000)
  eden space 33280K, 100% used [0x00000000eab00000,0x00000000ecb80000,0x00000000ecb80000)
  from space 5120K, 99% used [0x00000000ecb80000,0x00000000ed078470,0x00000000ed080000)
  to   space 5120K, 0% used [0x00000000ed080000,0x00000000ed080000,0x00000000ed580000)
 ParOldGen       total 87552K, used 841K [0x00000000c0000000, 0x00000000c5580000, 0x00000000eab00000)
  object space 87552K, 0% used [0x00000000c0000000,0x00000000c00d26b8,0x00000000c5580000)
 Metaspace       used 6093K, capacity 7088K, committed 7296K, reserved 1056768K
  class space    used 593K, capacity 616K, committed 640K, reserved 1048576K
Event: 3.682 GC heap after
Heap after GC invocations=2 (full 0):
 PSYoungGen      total 38400K, used 5115K [0x00000000eab00000, 0x00000000ef600000, 0x0000000100000000)
  eden space 33280K, 0% used [0x00000000eab00000,0x00000000eab00000,0x00000000ecb80000)
  from space 5120K, 99% used [0x00000000ed080000,0x00000000ed57ecb0,0x00000000ed580000)
  to   space 5120K, 0% used [0x00000000ecb80000,0x00000000ecb80000,0x00000000ed080000)
 ParOldGen       total 87552K, used 5319K [0x00000000c0000000, 0x00000000c5580000, 0x00000000eab00000)
  object space 87552K, 6% used [0x00000000c0000000,0x00000000c0531dc0,0x00000000c5580000)
 Metaspace       used 6093K, capacity 7088K, committed 7296K, reserved 1056768K
  class space    used 593K, capacity 616K, committed 640K, reserved 1048576K
}
Event: 4.003 GC heap before
{Heap before GC invocations=3 (full 0):
 PSYoungGen      total 38400K, used 38395K [0x00000000eab00000, 0x00000000ef600000, 0x0000000100000000)
  eden space 33280K, 100% used [0x00000000eab00000,0x00000000ecb80000,0x00000000ecb80000)
  from space 5120K, 99% used [0x00000000ed080000,0x00000000ed57ecb0,0x00000000ed580000)
  to   space 5120K, 0% used [0x00000000ecb80000,0x00000000ecb80000,0x00000000ed080000)
 ParOldGen       total 87552K, used 5319K [0x00000000c0000000, 0x00000000c5580000, 0x00000000eab00000)
  object space 87552K, 6% used [0x00000000c0000000,0x00000000c0531dc0,0x00000000c5580000)
 Metaspace       used 6149K, capacity 7088K, committed 7296K, reserved 1056768K
  class space    used 593K, capacity 616K, committed 640K, reserved 1048576K
Event: 4.029 GC heap after
Heap after GC invocations=3 (full 0):
 PSYoungGen      total 38400K, used 5090K [0x00000000eab00000, 0x00000000ef600000, 0x0000000100000000)
  eden space 33280K, 0% used [0x00000000eab00000,0x00000000eab00000,0x00000000ecb80000)
  from space 5120K, 99% used [0x00000000ecb80000,0x00000000ed078a58,0x00000000ed080000)
  to   space 5120K, 0% used [0x00000000ef100000,0x00000000ef100000,0x00000000ef600000)
 ParOldGen       total 87552K, used 9629K [0x00000000c0000000, 0x00000000c5580000, 0x00000000eab00000)
  object space 87552K, 10% used [0x00000000c0000000,0x00000000c09675e8,0x00000000c5580000)
 Metaspace       used 6149K, capacity 7088K, committed 7296K, reserved 1056768K
  class space    used 593K, capacity 616K, committed 640K, reserved 1048576K
}
Event: 4.287 GC heap before
{Heap before GC invocations=4 (full 0):
 PSYoungGen      total 38400K, used 38370K [0x00000000eab00000, 0x00000000ef600000, 0x0000000100000000)
  eden space 33280K, 100% used [0x00000000eab00000,0x00000000ecb80000,0x00000000ecb80000)
  from space 5120K, 99% used [0x00000000ecb80000,0x00000000ed078a58,0x00000000ed080000)
  to   space 5120K, 0% used [0x00000000ef100000,0x00000000ef100000,0x00000000ef600000)
 ParOldGen       total 87552K, used 9629K [0x00000000c0000000, 0x00000000c5580000, 0x00000000eab00000)
  object space 87552K, 10% used [0x00000000c0000000,0x00000000c09675e8,0x00000000c5580000)
 Metaspace       used 6186K, capacity 7152K, committed 7296K, reserved 1056768K
  class space    used 593K, capacity 616K, committed 640K, reserved 1048576K
Event: 4.319 GC heap after
Heap after GC invocations=4 (full 0):
 PSYoungGen      total 71680K, used 5118K [0x00000000eab00000, 0x00000000ef600000, 0x0000000100000000)
  eden space 66560K, 0% used [0x00000000eab00000,0x00000000eab00000,0x00000000eec00000)
  from space 5120K, 99% used [0x00000000ef100000,0x00000000ef5ffb18,0x00000000ef600000)
  to   space 5120K, 0% used [0x00000000eec00000,0x00000000eec00000,0x00000000ef100000)
 ParOldGen       total 87552K, used 14736K [0x00000000c0000000, 0x00000000c5580000, 0x00000000eab00000)
  object space 87552K, 16% used [0x00000000c0000000,0x00000000c0e64050,0x00000000c5580000)
 Metaspace       used 6186K, capacity 7152K, committed 7296K, reserved 1056768K
  class space    used 593K, capacity 616K, committed 640K, reserved 1048576K
}
Event: 5.117 GC heap before
{Heap before GC invocations=5 (full 0):
 PSYoungGen      total 71680K, used 71678K [0x00000000eab00000, 0x00000000ef600000, 0x0000000100000000)
  eden space 66560K, 100% used [0x00000000eab00000,0x00000000eec00000,0x00000000eec00000)
  from space 5120K, 99% used [0x00000000ef100000,0x00000000ef5ffb18,0x00000000ef600000)
  to   space 5120K, 0% used [0x00000000eec00000,0x00000000eec00000,0x00000000ef100000)
 ParOldGen       total 87552K, used 14736K [0x00000000c0000000, 0x00000000c5580000, 0x00000000eab00000)
  object space 87552K, 16% used [0x00000000c0000000,0x00000000c0e64050,0x00000000c5580000)
 Metaspace       used 6293K, capacity 7192K, committed 7424K, reserved 1056768K
  class space    used 613K, capacity 656K, committed 768K, reserved 1048576K
Event: 5.141 GC heap after
Heap after GC invocations=5 (full 0):
 PSYoungGen      total 71680K, used 5091K [0x00000000eab00000, 0x00000000f4b00000, 0x0000000100000000)
  eden space 66560K, 0% used [0x00000000eab00000,0x00000000eab00000,0x00000000eec00000)
  from space 5120K, 99% used [0x00000000eec00000,0x00000000ef0f8c60,0x00000000ef100000)
  to   space 15360K, 0% used [0x00000000f3c00000,0x00000000f3c00000,0x00000000f4b00000)
 ParOldGen       total 87552K, used 24140K [0x00000000c0000000, 0x00000000c5580000, 0x00000000eab00000)
  object space 87552K, 27% used [0x00000000c0000000,0x00000000c1793368,0x00000000c5580000)
 Metaspace       used 6293K, capacity 7192K, committed 7424K, reserved 1056768K
  class space    used 613K, capacity 656K, committed 768K, reserved 1048576K
}
Event: 6.381 GC heap before
{Heap before GC invocations=6 (full 0):
 PSYoungGen      total 71680K, used 71651K [0x00000000eab00000, 0x00000000f4b00000, 0x0000000100000000)
  eden space 66560K, 100% used [0x00000000eab00000,0x00000000eec00000,0x00000000eec00000)
  from space 5120K, 99% used [0x00000000eec00000,0x00000000ef0f8c60,0x00000000ef100000)
  to   space 15360K, 0% used [0x00000000f3c00000,0x00000000f3c00000,0x00000000f4b00000)
 ParOldGen       total 87552K, used 24140K [0x00000000c0000000, 0x00000000c5580000, 0x00000000eab00000)
  object space 87552K, 27% used [0x00000000c0000000,0x00000000c1793368,0x00000000c5580000)
 Metaspace       used 6361K, capacity 7192K, committed 7424K, reserved 1056768K
  class space    used 613K, capacity 656K, committed 768K, reserved 1048576K
Event: 6.432 GC heap after
Heap after GC invocations=6 (full 0):
 PSYoungGen      total 145920K, used 15339K [0x00000000eab00000, 0x00000000f5000000, 0x0000000100000000)
  eden space 130560K, 0% used [0x00000000eab00000,0x00000000eab00000,0x00000000f2a80000)
  from space 15360K, 99% used [0x00000000f3c00000,0x00000000f4afac28,0x00000000f4b00000)
  to   space 17920K, 0% used [0x00000000f2a80000,0x00000000f2a80000,0x00000000f3c00000)
 ParOldGen       total 87552K, used 24613K [0x00000000c0000000, 0x00000000c5580000, 0x00000000eab00000)
  object space 87552K, 28% used [0x00000000c0000000,0x00000000c1809580,0x00000000c5580000)
 Metaspace       used 6361K, capacity 7192K, committed 7424K, reserved 1056768K
  class space    used 613K, capacity 656K, committed 768K, reserved 1048576K
}

Deoptimization events (10 events):
Event: 8.919 Thread 0x00000000169b7800 Uncommon trap: reason=class_check action=maybe_recompile pc=0x0000000002cc4e58 method=java.util.Arrays.hashCode([Ljava/lang/Object;)I @ 43
Event: 8.920 Thread 0x00000000169b7800 Uncommon trap: reason=class_check action=maybe_recompile pc=0x0000000002ca2fb8 method=java.util.Arrays.hashCode([Ljava/lang/Object;)I @ 43
Event: 9.141 Thread 0x00000000169b7800 Uncommon trap: reason=unstable_if action=reinterpret pc=0x000000000313ebc8 method=java.util.HashMap.putVal(ILjava/lang/Object;Ljava/lang/Object;ZZ)Ljava/lang/Object; @ 94
Event: 9.434 Thread 0x00000000169b7800 Uncommon trap: reason=unstable_if action=reinterpret pc=0x0000000003148154 method=java.util.HashMap.putVal(ILjava/lang/Object;Ljava/lang/Object;ZZ)Ljava/lang/Object; @ 109
Event: 9.761 Thread 0x00000000169b7800 Uncommon trap: reason=speculate_class_check action=maybe_recompile pc=0x0000000002bccb38 method=com.android.dx.util.FixedSizeList.equals(Ljava/lang/Object;)Z @ 25
Event: 9.828 Thread 0x00000000169b7800 Uncommon trap: reason=speculate_class_check action=maybe_recompile pc=0x0000000002bccb38 method=com.android.dx.util.FixedSizeList.equals(Ljava/lang/Object;)Z @ 25
Event: 9.828 Thread 0x00000000169b7800 Uncommon trap: reason=speculate_class_check action=maybe_recompile pc=0x0000000002bccb38 method=com.android.dx.util.FixedSizeList.equals(Ljava/lang/Object;)Z @ 25
Event: 9.828 Thread 0x00000000169b7800 Uncommon trap: reason=speculate_class_check action=maybe_recompile pc=0x0000000002bccb38 method=com.android.dx.util.FixedSizeList.equals(Ljava/lang/Object;)Z @ 25
Event: 9.847 Thread 0x00000000169b7800 Uncommon trap: reason=unstable_if action=reinterpret pc=0x00000000031b4ecc method=com.android.dx.dex.code.OutputFinisher.findOpcodeForInsn(Lcom/android/dx/dex/code/DalvInsn;Lcom/android/dx/dex/code/Dop;)Lcom/android/dx/dex/code/Dop; @ 1
Event: 9.979 Thread 0x00000000169b7800 Uncommon trap: reason=unstable_if action=reinterpret pc=0x0000000002fdcab0 method=java.util.TreeMap.put(Ljava/lang/Object;Ljava/lang/Object;)Ljava/lang/Object; @ 163

Internal exceptions (6 events):
Event: 0.650 Thread 0x00000000026e0800 Exception <a 'java/lang/NoSuchMethodError': Method sun.misc.Unsafe.defineClass(Ljava/lang/String;[BII)Ljava/lang/Class; name or signature does not match> (0x00000000eab07cc0) thrown at [C:\re\workspace\8-2-build-windows-amd64-cygwin\jdk8u101\7261\hotspot\s.ãÂ7Ëä?
Event: 0.650 Thread 0x00000000026e0800 Exception <a 'java/lang/NoSuchMethodError': Method sun.misc.Unsafe.prefetchRead(Ljava/lang/Object;J)V name or signature does not match> (0x00000000eab07fa8) thrown at [C:\re\workspace\8-2-build-windows-amd64-cygwin\jdk8u101\7261\hotspot\src\share\vm\prims\…}|Ì<
@
Event: 3.320 Thread 0x00000000026e0800 Implicit null exception at 0x0000000002b77cec to 0x0000000002b79371
Event: 4.705 Thread 0x00000000169bb000 Exception <a 'java/lang/ArrayIndexOutOfBoundsException': 18> (0x00000000eda4ddf0) thrown at [C:\re\workspace\8-2-build-windows-amd64-cygwin\jdk8u101\7261\hotspot\src\share\vm\interpreter\interpreterRuntime.cpp, line 366]
Event: 4.706 Thread 0x00000000169bb000 Exception <a 'java/lang/ArrayIndexOutOfBoundsException': 145> (0x00000000eda4f970) thrown at [C:\re\workspace\8-2-build-windows-amd64-cygwin\jdk8u101\7261\hotspot\src\share\vm\interpreter\interpreterRuntime.cpp, line 366]
Event: 4.706 Thread 0x00000000169bb000 Exception <a 'java/lang/ArrayIndexOutOfBoundsException'> (0x00000000eda50c58) thrown at [C:\re\workspace\8-2-build-windows-amd64-cygwin\jdk8u101\7261\hotspot\src\share\vm\runtime\sharedRuntime.cpp, line 605]

Events (10 events):
Event: 10.289 Thread 0x00000000169b7800 DEOPT PACKING pc=0x00000000031c46c9 sp=0x0000000018bae980
Event: 10.289 Thread 0x00000000169b7800 DEOPT UNPACKING pc=0x000000000282787f sp=0x0000000018bae6d0 mode 0
Event: 10.303 Thread 0x00000000169b7800 DEOPT PACKING pc=0x00000000031c46c9 sp=0x0000000018bae980
Event: 10.303 Thread 0x00000000169b7800 DEOPT UNPACKING pc=0x000000000282787f sp=0x0000000018bae6d0 mode 0
Event: 10.309 Thread 0x00000000169b7800 DEOPT PACKING pc=0x00000000031c46c9 sp=0x0000000018bae980
Event: 10.309 Thread 0x00000000169b7800 DEOPT UNPACKING pc=0x000000000282787f sp=0x0000000018bae6d0 mode 0
Event: 10.316 Thread 0x00000000169b7800 DEOPT PACKING pc=0x00000000031c46c9 sp=0x0000000018bae980
Event: 10.316 Thread 0x00000000169b7800 DEOPT UNPACKING pc=0x000000000282787f sp=0x0000000018bae6d0 mode 0
Event: 10.406 Thread 0x00000000169b7800 DEOPT PACKING pc=0x00000000031c46c9 sp=0x0000000018bae980
Event: 10.406 Thread 0x00000000169b7800 DEOPT UNPACKING pc=0x000000000282787f sp=0x0000000018bae6d0 mode 0


Dynamic libraries:
0x00007ff699130000 - 0x00007ff699167000 	C:\Program Files\Java\jdk1.8.0_101\bin\java.exe
0x00007ff826700000 - 0x00007ff8268c1000 	C:\WINDOWS\SYSTEM32\ntdll.dll
0x00007ff824500000 - 0x00007ff8245ad000 	C:\WINDOWS\system32\KERNEL32.DLL
0x00007ff823570000 - 0x00007ff823758000 	C:\WINDOWS\system32\KERNELBASE.dll
0x00007ff823ef0000 - 0x00007ff823f97000 	C:\WINDOWS\system32\ADVAPI32.dll
0x00007ff823e50000 - 0x00007ff823eed000 	C:\WINDOWS\system32\msvcrt.dll
0x00007ff823b00000 - 0x00007ff823b5b000 	C:\WINDOWS\system32\sechost.dll
0x00007ff824220000 - 0x00007ff82433c000 	C:\WINDOWS\system32\RPCRT4.dll
0x00007ff825e40000 - 0x00007ff825f96000 	C:\WINDOWS\system32\USER32.dll
0x00007ff8263d0000 - 0x00007ff826556000 	C:\WINDOWS\system32\GDI32.dll
0x00007ff810ac0000 - 0x00007ff810d34000 	C:\WINDOWS\WinSxS\amd64_microsoft.windows.common-controls_6595b64144ccf1df_6.0.10586.589_none_a2ddb3caa539acce\COMCTL32.dll
0x00007ff823fa0000 - 0x00007ff82421d000 	C:\WINDOWS\system32\combase.dll
0x00007ff823a90000 - 0x00007ff823afa000 	C:\WINDOWS\system32\bcryptPrimitives.dll
0x00007ff826560000 - 0x00007ff82659b000 	C:\WINDOWS\system32\IMM32.DLL
0x0000000065e40000 - 0x0000000065f12000 	C:\Program Files\Java\jdk1.8.0_101\jre\bin\msvcr100.dll
0x00000000655a0000 - 0x0000000065e3a000 	C:\Program Files\Java\jdk1.8.0_101\jre\bin\server\jvm.dll
0x00007ff824660000 - 0x00007ff824668000 	C:\WINDOWS\system32\PSAPI.DLL
0x00007ff820fa0000 - 0x00007ff820fc3000 	C:\WINDOWS\SYSTEM32\WINMM.dll
0x00007ff81e3e0000 - 0x00007ff81e3ea000 	C:\WINDOWS\SYSTEM32\VERSION.dll
0x00007ff820f40000 - 0x00007ff820f6c000 	C:\WINDOWS\SYSTEM32\WINMMBASE.dll
0x00007ff823930000 - 0x00007ff823973000 	C:\WINDOWS\system32\cfgmgr32.dll
0x00007ff80f7c0000 - 0x00007ff80f7c9000 	C:\WINDOWS\SYSTEM32\WSOCK32.dll
0x00007ff824470000 - 0x00007ff8244db000 	C:\WINDOWS\system32\ws2_32.DLL
0x0000000065590000 - 0x000000006559f000 	C:\Program Files\Java\jdk1.8.0_101\jre\bin\verify.dll
0x0000000065560000 - 0x0000000065589000 	C:\Program Files\Java\jdk1.8.0_101\jre\bin\java.dll
0x0000000065540000 - 0x0000000065556000 	C:\Program Files\Java\jdk1.8.0_101\jre\bin\zip.dll
0x00007ff824670000 - 0x00007ff825bcc000 	C:\WINDOWS\system32\SHELL32.dll
0x00007ff822e70000 - 0x00007ff8234b5000 	C:\WINDOWS\system32\windows.storage.dll
0x00007ff823bd0000 - 0x00007ff823c22000 	C:\WINDOWS\system32\shlwapi.dll
0x00007ff822d30000 - 0x00007ff822d3f000 	C:\WINDOWS\system32\kernel.appcore.dll
0x00007ff822db0000 - 0x00007ff822e65000 	C:\WINDOWS\system32\shcore.dll
0x00007ff822d40000 - 0x00007ff822d8b000 	C:\WINDOWS\system32\powrprof.dll
0x00007ff822d90000 - 0x00007ff822da4000 	C:\WINDOWS\system32\profapi.dll

VM Arguments:
jvm_args: -Djava.awt.headless=true -Xmx1024M -Dfile.encoding=windows-1255 -Duser.country=US -Duser.language=en -Duser.variant 
java_command: com.android.dx.command.Main --dex --force-jumbo --num-threads=4 --multi-dex --output C:\Programming\ChooserAndroid\app\build\intermediates\transforms\dex\debug\folders\1000\10\com.android.support-appcompat-v7-24.2.1_bf5068eb5ba808ea85e174e89cb362b9dbcc5c95 C:\Programming\ChooserAndroid\app\build\intermediates\exploded-aar\com.android.support\appcompat-v7\24.2.1\jars\classes.jar
java_class_path (initial): C:\Users\Barak\AppData\Local\Android\sdk\build-tools\24.0.2\lib\dx.jar
Launcher Type: SUN_STANDARD

Environment Variables:
PATH=C:\ProgramData\Oracle\Java\javapath;C:\WINDOWS\system32;C:\WINDOWS;C:\WINDOWS\System32\Wbem;C:\WINDOWS\System32\WindowsPowerShell\v1.0\;C:\Program Files (x86)\ATI Technologies\ATI.ACE\Core-Static;C:\Program Files\Git\cmd;C:\Program Files\Microsoft SQL Server\Client SDK\ODBC\110\Tools\Binn\;C:\Program Files (x86)\Microsoft SQL Server\120\Tools\Binn\;C:\Program Files\Microsoft SQL Server\120\Tools\Binn\;C:\Program Files\Microsoft SQL Server\120\DTS\Binn\;C:\Program Files (x86)\Windows Kits\8.1\Windows Performance Toolkit\;C:\Program Files\nodejs\;C:\Program Files\Microsoft SQL Server\130\Tools\Binn\;C:\Users\Barak\AppData\Roaming\npm;C:\Users\Barak\AppData\Local\atom\bin
USERNAME=Barak
OS=Windows_NT
PROCESSOR_IDENTIFIER=Intel64 Family 6 Model 42 Stepping 7, GenuineIntel



---------------  S Y S T E M  ---------------

OS: Windows 10.0 , 64 bit Build 10586 (10.0.10586.589)

CPU:total 4 (2 cores per cpu, 2 threads per core) family 6 model 42 stepping 7, cmov, cx8, fxsr, mmx, sse, sse2, sse3, ssse3, sse4.1, sse4.2, popcnt, avx, clmul, ht, tsc, tscinvbit

Memory: 4k page, physical 8297704k(1224828k free), swap 11768316k(3200k free)

vm_info: Java HotSpot(TM) 64-Bit Server VM (25.101-b13) for windows-amd64 JRE (1.8.0_101-b13), built on Jun 22 2016 01:21:29 by "java_re" with MS VC++ 10.0 (VS2010)

time: Tue Sep 27 17:03:37 2016
elapsed time: 10 seconds (0d 0h 0m 10s)

