#
# There is insufficient memory for the Java Runtime Environment to continue.
# Native memory allocation (malloc) failed to allocate 37024 bytes for Chunk::new
# Possible reasons:
#   The system is out of physical RAM or swap space
#   In 32 bit mode, the process size limit was hit
# Possible solutions:
#   Reduce memory load on the system
#   Increase physical memory or swap space
#   Check if swap backing store is full
#   Use 64 bit Java on a 64 bit OS
#   Decrease Java heap size (-Xmx/-Xms)
#   Decrease number of Java threads
#   Decrease Java thread stack sizes (-Xss)
#   Set larger code cache with -XX:ReservedCodeCacheSize=
# This output file may be truncated or incomplete.
#
#  Out of Memory Error (allocation.cpp:390), pid=12252, tid=0x0000000000002e04
#
# JRE version: Java(TM) SE Runtime Environment (8.0_101-b13) (build 1.8.0_101-b13)
# Java VM: Java HotSpot(TM) 64-Bit Server VM (25.101-b13 mixed mode windows-amd64 compressed oops)
# Failed to write core dump. Minidumps are not enabled by default on client versions of Windows
#

---------------  T H R E A D  ---------------

Current thread (0x000000001585f000):  JavaThread "C2 CompilerThread0" daemon [_thread_in_native, id=11780, stack(0x0000000016e60000,0x0000000016f60000)]

Stack: [0x0000000016e60000,0x0000000016f60000]
[error occurred during error reporting (printing stack bounds), id 0xc0000005]

Native frames: (J=compiled Java code, j=interpreted, Vv=VM code, C=native code)


Current CompileTask:
C2:  15768 2294   !   4       com.android.dx.cf.code.Ropper::doit (126 bytes)


---------------  P R O C E S S  ---------------

Java Threads: ( => current thread )
  0x0000000017236000 JavaThread "pool-1-thread-4" [_thread_in_Java, id=2804, stack(0x0000000018360000,0x0000000018460000)]
  0x0000000017235800 JavaThread "pool-1-thread-3" [_thread_in_Java, id=2896, stack(0x0000000018260000,0x0000000018360000)]
  0x0000000017234800 JavaThread "pool-1-thread-2" [_thread_blocked, id=10568, stack(0x0000000018160000,0x0000000018260000)]
  0x0000000017234000 JavaThread "pool-2-thread-1" [_thread_blocked, id=9924, stack(0x0000000018060000,0x0000000018160000)]
  0x000000001721c000 JavaThread "pool-1-thread-1" [_thread_blocked, id=6244, stack(0x0000000017f60000,0x0000000018060000)]
  0x000000001586e000 JavaThread "Service Thread" daemon [_thread_blocked, id=3404, stack(0x0000000017560000,0x0000000017660000)]
  0x000000000313c000 JavaThread "C1 CompilerThread2" daemon [_thread_blocked, id=10204, stack(0x0000000017460000,0x0000000017560000)]
  0x0000000015868000 JavaThread "C2 CompilerThread1" daemon [_thread_in_native, id=9944, stack(0x0000000017360000,0x0000000017460000)]
=>0x000000001585f000 JavaThread "C2 CompilerThread0" daemon [_thread_in_native, id=11780, stack(0x0000000016e60000,0x0000000016f60000)]
  0x000000001585d000 JavaThread "Attach Listener" daemon [_thread_blocked, id=10088, stack(0x0000000016d60000,0x0000000016e60000)]
  0x000000001585c800 JavaThread "Signal Dispatcher" daemon [_thread_blocked, id=5628, stack(0x0000000016c60000,0x0000000016d60000)]
  0x00000000157fa000 JavaThread "Finalizer" daemon [_thread_blocked, id=3880, stack(0x0000000016a80000,0x0000000016b80000)]
  0x00000000157d9000 JavaThread "Reference Handler" daemon [_thread_blocked, id=11800, stack(0x0000000016980000,0x0000000016a80000)]
  0x0000000003040800 JavaThread "main" [_thread_in_Java, id=4424, stack(0x0000000002ea0000,0x0000000002fa0000)]

Other Threads:
  0x00000000157d7800 VMThread [stack: 0x0000000016880000,0x0000000016980000] [id=11804]
  0x0000000016fc7800 WatcherThread [stack: 0x0000000017660000,0x0000000017760000] [id=10412]

VM state:not at safepoint (normal execution)

VM Mutex/Monitor currently owned by a thread: None

Heap:
 PSYoungGen      total 138240K, used 110181K [0x00000000eab00000, 0x00000000f3700000, 0x0000000100000000)
  eden space 133120K, 78% used [0x00000000eab00000,0x00000000f119b078,0x00000000f2d00000)
  from space 5120K, 99% used [0x00000000f3200000,0x00000000f36fe558,0x00000000f3700000)
  to   space 5120K, 0% used [0x00000000f2d00000,0x00000000f2d00000,0x00000000f3200000)
 ParOldGen       total 87552K, used 25894K [0x00000000c0000000, 0x00000000c5580000, 0x00000000eab00000)
  object space 87552K, 29% used [0x00000000c0000000,0x00000000c1949948,0x00000000c5580000)
 Metaspace       used 6575K, capacity 7256K, committed 7424K, reserved 1056768K
  class space    used 628K, capacity 656K, committed 768K, reserved 1048576K

Card table byte_map: [0x0000000012500000,0x0000000012710000] byte_map_base: 0x0000000011f00000

Marking Bits: (ParMarkBitMap*) 0x0000000065dba6d0
 Begin Bits: [0x0000000012c70000, 0x0000000013c70000)
 End Bits:   [0x0000000013c70000, 0x0000000014c70000)

Polling page: 0x0000000001330000

CodeCache: size=245760Kb used=11242Kb max_used=11257Kb free=234517Kb
 bounds [0x0000000003140000, 0x0000000003c50000, 0x0000000012140000]
 total_blobs=2465 nmethods=2195 adapters=182
 compilation: enabled

Compilation events (10 events):
Event: 15.636 Thread 0x000000001585f000 nmethod 2288 0x0000000003c40050 code [0x0000000003c401a0, 0x0000000003c40288]
Event: 15.641 Thread 0x000000001585f000 2289       4       com.android.dx.ssa.back.FirstFitLocalCombiningAllocator::canMapRegs (60 bytes)
Event: 15.647 Thread 0x000000000313c000 2292       3       com.android.dx.cf.attrib.AttLocalVariableTypeTable::<init> (8 bytes)
Event: 15.647 Thread 0x000000000313c000 nmethod 2292 0x0000000003c3fc90 code [0x0000000003c3fe00, 0x0000000003c3ffa8]
Event: 15.650 Thread 0x000000000313c000 2293       3       com.android.dx.cf.direct.StdAttributeFactory::localVariableTypeTable (98 bytes)
Event: 15.651 Thread 0x000000000313c000 nmethod 2293 0x0000000003c40390 code [0x0000000003c40640, 0x0000000003c41798]
Event: 15.658 Thread 0x000000001585f000 nmethod 2289 0x0000000003c44450 code [0x0000000003c44600, 0x0000000003c44fa8]
Event: 15.658 Thread 0x000000001585f000 2291  s    4       com.android.dx.dex.file.MethodIdsSection::intern (55 bytes)
Event: 15.685 Thread 0x000000001585f000 nmethod 2291 0x0000000003c48c50 code [0x0000000003c48e40, 0x0000000003c49d68]
Event: 15.685 Thread 0x000000001585f000 2294   !   4       com.android.dx.cf.code.Ropper::doit (126 bytes)

GC Heap History (8 events):
Event: 6.034 GC heap before
{Heap before GC invocations=1 (full 0):
 PSYoungGen      total 38400K, used 33280K [0x00000000eab00000, 0x00000000ed580000, 0x0000000100000000)
  eden space 33280K, 100% used [0x00000000eab00000,0x00000000ecb80000,0x00000000ecb80000)
  from space 5120K, 0% used [0x00000000ed080000,0x00000000ed080000,0x00000000ed580000)
  to   space 5120K, 0% used [0x00000000ecb80000,0x00000000ecb80000,0x00000000ed080000)
 ParOldGen       total 87552K, used 0K [0x00000000c0000000, 0x00000000c5580000, 0x00000000eab00000)
  object space 87552K, 0% used [0x00000000c0000000,0x00000000c0000000,0x00000000c5580000)
 Metaspace       used 6072K, capacity 6966K, committed 7040K, reserved 1056768K
  class space    used 605K, capacity 622K, committed 640K, reserved 1048576K
Event: 6.179 GC heap after
Heap after GC invocations=1 (full 0):
 PSYoungGen      total 38400K, used 5094K [0x00000000eab00000, 0x00000000ef600000, 0x0000000100000000)
  eden space 33280K, 0% used [0x00000000eab00000,0x00000000eab00000,0x00000000ecb80000)
  from space 5120K, 99% used [0x00000000ecb80000,0x00000000ed079b68,0x00000000ed080000)
  to   space 5120K, 0% used [0x00000000ef100000,0x00000000ef100000,0x00000000ef600000)
 ParOldGen       total 87552K, used 1055K [0x00000000c0000000, 0x00000000c5580000, 0x00000000eab00000)
  object space 87552K, 1% used [0x00000000c0000000,0x00000000c0107f68,0x00000000c5580000)
 Metaspace       used 6072K, capacity 6966K, committed 7040K, reserved 1056768K
  class space    used 605K, capacity 622K, committed 640K, reserved 1048576K
}
Event: 8.037 GC heap before
{Heap before GC invocations=2 (full 0):
 PSYoungGen      total 38400K, used 38374K [0x00000000eab00000, 0x00000000ef600000, 0x0000000100000000)
  eden space 33280K, 100% used [0x00000000eab00000,0x00000000ecb80000,0x00000000ecb80000)
  from space 5120K, 99% used [0x00000000ecb80000,0x00000000ed079b68,0x00000000ed080000)
  to   space 5120K, 0% used [0x00000000ef100000,0x00000000ef100000,0x00000000ef600000)
 ParOldGen       total 87552K, used 1055K [0x00000000c0000000, 0x00000000c5580000, 0x00000000eab00000)
  object space 87552K, 1% used [0x00000000c0000000,0x00000000c0107f68,0x00000000c5580000)
 Metaspace       used 6258K, capacity 7094K, committed 7296K, reserved 1056768K
  class space    used 606K, capacity 622K, committed 640K, reserved 1048576K
Event: 8.208 GC heap after
Heap after GC invocations=2 (full 0):
 PSYoungGen      total 71680K, used 5097K [0x00000000eab00000, 0x00000000ef600000, 0x0000000100000000)
  eden space 66560K, 0% used [0x00000000eab00000,0x00000000eab00000,0x00000000eec00000)
  from space 5120K, 99% used [0x00000000ef100000,0x00000000ef5fa6d8,0x00000000ef600000)
  to   space 5120K, 0% used [0x00000000eec00000,0x00000000eec00000,0x00000000ef100000)
 ParOldGen       total 87552K, used 5572K [0x00000000c0000000, 0x00000000c5580000, 0x00000000eab00000)
  object space 87552K, 6% used [0x00000000c0000000,0x00000000c0571360,0x00000000c5580000)
 Metaspace       used 6258K, capacity 7094K, committed 7296K, reserved 1056768K
  class space    used 606K, capacity 622K, committed 640K, reserved 1048576K
}
Event: 10.483 GC heap before
{Heap before GC invocations=3 (full 0):
 PSYoungGen      total 71680K, used 71657K [0x00000000eab00000, 0x00000000ef600000, 0x0000000100000000)
  eden space 66560K, 100% used [0x00000000eab00000,0x00000000eec00000,0x00000000eec00000)
  from space 5120K, 99% used [0x00000000ef100000,0x00000000ef5fa6d8,0x00000000ef600000)
  to   space 5120K, 0% used [0x00000000eec00000,0x00000000eec00000,0x00000000ef100000)
 ParOldGen       total 87552K, used 5572K [0x00000000c0000000, 0x00000000c5580000, 0x00000000eab00000)
  object space 87552K, 6% used [0x00000000c0000000,0x00000000c0571360,0x00000000c5580000)
 Metaspace       used 6350K, capacity 7158K, committed 7296K, reserved 1056768K
  class space    used 608K, capacity 622K, committed 640K, reserved 1048576K
Event: 10.803 GC heap after
Heap after GC invocations=3 (full 0):
 PSYoungGen      total 71680K, used 5098K [0x00000000eab00000, 0x00000000f3700000, 0x0000000100000000)
  eden space 66560K, 0% used [0x00000000eab00000,0x00000000eab00000,0x00000000eec00000)
  from space 5120K, 99% used [0x00000000eec00000,0x00000000ef0fa998,0x00000000ef100000)
  to   space 5120K, 0% used [0x00000000f3200000,0x00000000f3200000,0x00000000f3700000)
 ParOldGen       total 87552K, used 15414K [0x00000000c0000000, 0x00000000c5580000, 0x00000000eab00000)
  object space 87552K, 17% used [0x00000000c0000000,0x00000000c0f0d8d0,0x00000000c5580000)
 Metaspace       used 6350K, capacity 7158K, committed 7296K, reserved 1056768K
  class space    used 608K, capacity 622K, committed 640K, reserved 1048576K
}
Event: 13.474 GC heap before
{Heap before GC invocations=4 (full 0):
 PSYoungGen      total 71680K, used 71658K [0x00000000eab00000, 0x00000000f3700000, 0x0000000100000000)
  eden space 66560K, 100% used [0x00000000eab00000,0x00000000eec00000,0x00000000eec00000)
  from space 5120K, 99% used [0x00000000eec00000,0x00000000ef0fa998,0x00000000ef100000)
  to   space 5120K, 0% used [0x00000000f3200000,0x00000000f3200000,0x00000000f3700000)
 ParOldGen       total 87552K, used 15414K [0x00000000c0000000, 0x00000000c5580000, 0x00000000eab00000)
  object space 87552K, 17% used [0x00000000c0000000,0x00000000c0f0d8d0,0x00000000c5580000)
 Metaspace       used 6533K, capacity 7192K, committed 7424K, reserved 1056768K
  class space    used 628K, capacity 656K, committed 768K, reserved 1048576K
Event: 13.675 GC heap after
Heap after GC invocations=4 (full 0):
 PSYoungGen      total 138240K, used 5113K [0x00000000eab00000, 0x00000000f3700000, 0x0000000100000000)
  eden space 133120K, 0% used [0x00000000eab00000,0x00000000eab00000,0x00000000f2d00000)
  from space 5120K, 99% used [0x00000000f3200000,0x00000000f36fe558,0x00000000f3700000)
  to   space 5120K, 0% used [0x00000000f2d00000,0x00000000f2d00000,0x00000000f3200000)
 ParOldGen       total 87552K, used 25894K [0x00000000c0000000, 0x00000000c5580000, 0x00000000eab00000)
  object space 87552K, 29% used [0x00000000c0000000,0x00000000c1949948,0x00000000c5580000)
 Metaspace       used 6533K, capacity 7192K, committed 7424K, reserved 1056768K
  class space    used 628K, capacity 656K, committed 768K, reserved 1048576K
}

Deoptimization events (10 events):
Event: 12.663 Thread 0x0000000003040800 Uncommon trap: reason=unstable_if action=reinterpret pc=0x00000000039644d4 method=com.android.dx.cf.code.Merger.mergeStack(Lcom/android/dx/cf/code/ExecutionStack;Lcom/android/dx/cf/code/ExecutionStack;)Lcom/android/dx/cf/code/ExecutionStack; @ 2
Event: 12.934 Thread 0x0000000017236000 Uncommon trap: reason=bimorphic action=maybe_recompile pc=0x00000000039d81bc method=com.android.dx.cf.code.RopperMachine.run(Lcom/android/dx/cf/code/Frame;II)V @ 988
Event: 13.825 Thread 0x0000000017236000 Uncommon trap: reason=bimorphic action=maybe_recompile pc=0x00000000039d8140 method=com.android.dx.cf.code.RopperMachine.run(Lcom/android/dx/cf/code/Frame;II)V @ 310
Event: 15.247 Thread 0x0000000003040800 Uncommon trap: reason=unloaded action=reinterpret pc=0x0000000003b8c764 method=com.android.dx.cf.cst.ConstantPoolParser.parse0(ILjava/util/BitSet;)Lcom/android/dx/rop/cst/Constant; @ 176
Event: 15.261 Thread 0x000000001721c000 Uncommon trap: reason=uninitialized action=reinterpret pc=0x0000000003a2fe80 method=com.android.dx.cf.code.BytecodeArray.parseInstruction(ILcom/android/dx/cf/code/BytecodeArray$Visitor;)I @ 1063
Event: 15.274 Thread 0x000000001721c000 Uncommon trap: reason=class_check action=maybe_recompile pc=0x00000000039a6794 method=com.android.dx.rop.cst.CstLiteral32.equals(Ljava/lang/Object;)Z @ 20
Event: 15.274 Thread 0x000000001721c000 Uncommon trap: reason=bimorphic action=maybe_recompile pc=0x00000000039d81bc method=com.android.dx.cf.code.RopperMachine.run(Lcom/android/dx/cf/code/Frame;II)V @ 988
Event: 15.275 Thread 0x000000001721c000 Uncommon trap: reason=class_check action=maybe_recompile pc=0x00000000039a6794 method=com.android.dx.rop.cst.CstLiteral32.equals(Ljava/lang/Object;)Z @ 20
Event: 15.275 Thread 0x000000001721c000 Uncommon trap: reason=class_check action=maybe_recompile pc=0x00000000039a6794 method=com.android.dx.rop.cst.CstLiteral32.equals(Ljava/lang/Object;)Z @ 20
Event: 15.275 Thread 0x000000001721c000 Uncommon trap: reason=class_check action=maybe_recompile pc=0x00000000039a6794 method=com.android.dx.rop.cst.CstLiteral32.equals(Ljava/lang/Object;)Z @ 20

Internal exceptions (7 events):
Event: 0.044 Thread 0x0000000003040800 Exception <a 'java/lang/NoSuchMethodError': Method sun.misc.Unsafe.defineClass(Ljava/lang/String;[BII)Ljava/lang/Class; name or signature does not match> (0x00000000eab07cc0) thrown at [C:\re\workspace\8-2-build-windows-amd64-cygwin\jdk8u101\7261\hotspot\s^³Y|µ²¦?
Event: 0.044 Thread 0x0000000003040800 Exception <a 'java/lang/NoSuchMethodError': Method sun.misc.Unsafe.prefetchRead(Ljava/lang/Object;J)V name or signature does not match> (0x00000000eab07fa8) thrown at [C:\re\workspace\8-2-build-windows-amd64-cygwin\jdk8u101\7261\hotspot\src\share\vm\prims\Ñ`çwä@
Event: 5.473 Thread 0x0000000017234800 Implicit null exception at 0x00000000034828a1 to 0x0000000003483e61
Event: 5.771 Thread 0x0000000017234800 Implicit null exception at 0x00000000034c1022 to 0x00000000034c1112
Event: 12.025 Thread 0x0000000017234800 Exception <a 'java/lang/ArrayIndexOutOfBoundsException': 18> (0x00000000ed244930) thrown at [C:\re\workspace\8-2-build-windows-amd64-cygwin\jdk8u101\7261\hotspot\src\share\vm\interpreter\interpreterRuntime.cpp, line 366]
Event: 12.032 Thread 0x0000000017234800 Exception <a 'java/lang/ArrayIndexOutOfBoundsException'> (0x00000000ed2464b0) thrown at [C:\re\workspace\8-2-build-windows-amd64-cygwin\jdk8u101\7261\hotspot\src\share\vm\runtime\sharedRuntime.cpp, line 605]
Event: 12.035 Thread 0x0000000017234800 Exception <a 'java/lang/ArrayIndexOutOfBoundsException'> (0x00000000ed247798) thrown at [C:\re\workspace\8-2-build-windows-amd64-cygwin\jdk8u101\7261\hotspot\src\share\vm\runtime\sharedRuntime.cpp, line 605]

Events (10 events):
Event: 15.275 Thread 0x000000001721c000 Uncommon trap: trap_request=0xffffffde fr.pc=0x00000000039a6794
Event: 15.275 Thread 0x000000001721c000 DEOPT PACKING pc=0x00000000039a6794 sp=0x000000001805e170
Event: 15.275 Thread 0x000000001721c000 DEOPT UNPACKING pc=0x000000000318582a sp=0x000000001805e100 mode 2
Event: 15.275 Thread 0x000000001721c000 Uncommon trap: trap_request=0xffffffde fr.pc=0x00000000039a6794
Event: 15.275 Thread 0x000000001721c000 DEOPT PACKING pc=0x00000000039a6794 sp=0x000000001805e020
Event: 15.275 Thread 0x000000001721c000 DEOPT UNPACKING pc=0x000000000318582a sp=0x000000001805dfb0 mode 2
Event: 15.528 Thread 0x000000001721c000 DEOPT PACKING pc=0x0000000003627f06 sp=0x000000001805e990
Event: 15.528 Thread 0x000000001721c000 DEOPT UNPACKING pc=0x000000000318787f sp=0x000000001805e750 mode 0
Event: 15.591 Thread 0x0000000003040800 DEOPT PACKING pc=0x00000000032b0607 sp=0x0000000002f9ed30
Event: 15.591 Thread 0x0000000003040800 DEOPT UNPACKING pc=0x000000000318787f sp=0x0000000002f9ea60 mode 0


Dynamic libraries:
0x00007ff699130000 - 0x00007ff699167000 	C:\Program Files\Java\jdk1.8.0_101\bin\java.exe
0x00007ff826700000 - 0x00007ff8268c1000 	C:\WINDOWS\SYSTEM32\ntdll.dll
0x00007ff824500000 - 0x00007ff8245ad000 	C:\WINDOWS\system32\KERNEL32.DLL
0x00007ff823570000 - 0x00007ff823758000 	C:\WINDOWS\system32\KERNELBASE.dll
0x00007ff823ef0000 - 0x00007ff823f97000 	C:\WINDOWS\system32\ADVAPI32.dll
0x00007ff823e50000 - 0x00007ff823eed000 	C:\WINDOWS\system32\msvcrt.dll
0x00007ff823b00000 - 0x00007ff823b5b000 	C:\WINDOWS\system32\sechost.dll
0x00007ff824220000 - 0x00007ff82433c000 	C:\WINDOWS\system32\RPCRT4.dll
0x00007ff825e40000 - 0x00007ff825f96000 	C:\WINDOWS\system32\USER32.dll
0x00007ff8263d0000 - 0x00007ff826556000 	C:\WINDOWS\system32\GDI32.dll
0x00007ff810ac0000 - 0x00007ff810d34000 	C:\WINDOWS\WinSxS\amd64_microsoft.windows.common-controls_6595b64144ccf1df_6.0.10586.589_none_a2ddb3caa539acce\COMCTL32.dll
0x00007ff823fa0000 - 0x00007ff82421d000 	C:\WINDOWS\system32\combase.dll
0x00007ff823a90000 - 0x00007ff823afa000 	C:\WINDOWS\system32\bcryptPrimitives.dll
0x00007ff826560000 - 0x00007ff82659b000 	C:\WINDOWS\system32\IMM32.DLL
0x0000000065e40000 - 0x0000000065f12000 	C:\Program Files\Java\jdk1.8.0_101\jre\bin\msvcr100.dll
0x00000000655a0000 - 0x0000000065e3a000 	C:\Program Files\Java\jdk1.8.0_101\jre\bin\server\jvm.dll
0x00007ff824660000 - 0x00007ff824668000 	C:\WINDOWS\system32\PSAPI.DLL
0x00007ff80f7c0000 - 0x00007ff80f7c9000 	C:\WINDOWS\SYSTEM32\WSOCK32.dll
0x00007ff824470000 - 0x00007ff8244db000 	C:\WINDOWS\system32\WS2_32.dll
0x00007ff820fa0000 - 0x00007ff820fc3000 	C:\WINDOWS\SYSTEM32\WINMM.dll
0x00007ff81e3e0000 - 0x00007ff81e3ea000 	C:\WINDOWS\SYSTEM32\VERSION.dll
0x00007ff820f40000 - 0x00007ff820f6c000 	C:\WINDOWS\SYSTEM32\WINMMBASE.dll
0x00007ff823930000 - 0x00007ff823973000 	C:\WINDOWS\system32\cfgmgr32.dll
0x0000000065590000 - 0x000000006559f000 	C:\Program Files\Java\jdk1.8.0_101\jre\bin\verify.dll
0x0000000065560000 - 0x0000000065589000 	C:\Program Files\Java\jdk1.8.0_101\jre\bin\java.dll
0x0000000065540000 - 0x0000000065556000 	C:\Program Files\Java\jdk1.8.0_101\jre\bin\zip.dll
0x00007ff824670000 - 0x00007ff825bcc000 	C:\WINDOWS\system32\SHELL32.dll
0x00007ff822e70000 - 0x00007ff8234b5000 	C:\WINDOWS\system32\windows.storage.dll
0x00007ff823bd0000 - 0x00007ff823c22000 	C:\WINDOWS\system32\shlwapi.dll
0x00007ff822d30000 - 0x00007ff822d3f000 	C:\WINDOWS\system32\kernel.appcore.dll
0x00007ff822db0000 - 0x00007ff822e65000 	C:\WINDOWS\system32\shcore.dll
0x00007ff822d40000 - 0x00007ff822d8b000 	C:\WINDOWS\system32\powrprof.dll
0x00007ff822d90000 - 0x00007ff822da4000 	C:\WINDOWS\system32\profapi.dll

VM Arguments:
jvm_args: -Djava.awt.headless=true -Xmx1024M -Dfile.encoding=windows-1255 -Duser.country=US -Duser.language=en -Duser.variant 
java_command: com.android.dx.command.Main --dex --num-threads=4 --output C:\Programming\ChooserAndroid\app\build\intermediates\pre-dexed\debug\com.facebook.android-facebook-android-sdk-4.15.0_11538ea09a360d0a0eb11a99ad6517c6133d59d8.jar C:\Programming\ChooserAndroid\app\build\intermediates\exploded-aar\com.facebook.android\facebook-android-sdk\4.15.0\jars\classes.jar
java_class_path (initial): C:\Users\Barak\AppData\Local\Android\sdk\build-tools\23.0.2\lib\dx.jar
Launcher Type: SUN_STANDARD

Environment Variables:
PATH=C:\ProgramData\Oracle\Java\javapath;C:\WINDOWS\system32;C:\WINDOWS;C:\WINDOWS\System32\Wbem;C:\WINDOWS\System32\WindowsPowerShell\v1.0\;C:\Program Files (x86)\ATI Technologies\ATI.ACE\Core-Static;C:\Program Files\Git\cmd;C:\Program Files\Microsoft SQL Server\Client SDK\ODBC\110\Tools\Binn\;C:\Program Files (x86)\Microsoft SQL Server\120\Tools\Binn\;C:\Program Files\Microsoft SQL Server\120\Tools\Binn\;C:\Program Files\Microsoft SQL Server\120\DTS\Binn\;C:\Program Files (x86)\Windows Kits\8.1\Windows Performance Toolkit\;C:\Program Files\nodejs\;C:\Program Files\Microsoft SQL Server\130\Tools\Binn\;C:\Users\Barak\AppData\Roaming\npm;C:\Users\Barak\AppData\Local\atom\bin
USERNAME=Barak
OS=Windows_NT
PROCESSOR_IDENTIFIER=Intel64 Family 6 Model 42 Stepping 7, GenuineIntel



---------------  S Y S T E M  ---------------

OS: Windows 10.0 , 64 bit Build 10586 (10.0.10586.589)

CPU:total 4 (2 cores per cpu, 2 threads per core) family 6 model 42 stepping 7, cmov, cx8, fxsr, mmx, sse, sse2, sse3, ssse3, sse4.1, sse4.2, popcnt, avx, clmul, ht, tsc, tscinvbit

Memory: 4k page, physical 8297704k(846088k free), swap 12060088k(4056k free)

vm_info: Java HotSpot(TM) 64-Bit Server VM (25.101-b13) for windows-amd64 JRE (1.8.0_101-b13), built on Jun 22 2016 01:21:29 by "java_re" with MS VC++ 10.0 (VS2010)

time: Mon Sep 26 22:35:02 2016
elapsed time: 15 seconds (0d 0h 0m 15s)

