#
# There is insufficient memory for the Java Runtime Environment to continue.
# Native memory allocation (malloc) failed to allocate 1952176 bytes for Chunk::new
# Possible reasons:
#   The system is out of physical RAM or swap space
#   In 32 bit mode, the process size limit was hit
# Possible solutions:
#   Reduce memory load on the system
#   Increase physical memory or swap space
#   Check if swap backing store is full
#   Use 64 bit Java on a 64 bit OS
#   Decrease Java heap size (-Xmx/-Xms)
#   Decrease number of Java threads
#   Decrease Java thread stack sizes (-Xss)
#   Set larger code cache with -XX:ReservedCodeCacheSize=
# This output file may be truncated or incomplete.
#
#  Out of Memory Error (allocation.cpp:390), pid=2896, tid=0x0000000000000758
#
# JRE version: Java(TM) SE Runtime Environment (8.0_101-b13) (build 1.8.0_101-b13)
# Java VM: Java HotSpot(TM) 64-Bit Server VM (25.101-b13 mixed mode windows-amd64 compressed oops)
# Failed to write core dump. Minidumps are not enabled by default on client versions of Windows
#

---------------  T H R E A D  ---------------

Current thread (0x00000000155aa800):  JavaThread "C2 CompilerThread1" daemon [_thread_in_native, id=1880, stack(0x0000000016cd0000,0x0000000016dd0000)]

Stack: [0x0000000016cd0000,0x0000000016dd0000]
[error occurred during error reporting (printing stack bounds), id 0xc0000005]

Native frames: (J=compiled Java code, j=interpreted, Vv=VM code, C=native code)


Current CompileTask:
C2:   4899 1520   !   4       com.android.dx.cf.cst.ConstantPoolParser::parse0 (731 bytes)


---------------  P R O C E S S  ---------------

Java Threads: ( => current thread )
  0x000000001703a800 JavaThread "pool-1-thread-4" [_thread_in_vm, id=9224, stack(0x00000000180d0000,0x00000000181d0000)]
  0x0000000017033000 JavaThread "pool-1-thread-3" [_thread_in_vm, id=4784, stack(0x0000000017fd0000,0x00000000180d0000)]
  0x0000000017032800 JavaThread "pool-1-thread-2" [_thread_blocked, id=2612, stack(0x0000000017ed0000,0x0000000017fd0000)]
  0x0000000017031000 JavaThread "pool-2-thread-1" [_thread_blocked, id=9944, stack(0x0000000017dd0000,0x0000000017ed0000)]
  0x000000001702e800 JavaThread "pool-1-thread-1" [_thread_in_Java, id=9584, stack(0x0000000017cd0000,0x0000000017dd0000)]
  0x0000000016e27000 JavaThread "Service Thread" daemon [_thread_blocked, id=11792, stack(0x00000000172d0000,0x00000000173d0000)]
  0x0000000016e1c800 JavaThread "C1 CompilerThread2" daemon [_thread_blocked, id=11820, stack(0x00000000171d0000,0x00000000172d0000)]
=>0x00000000155aa800 JavaThread "C2 CompilerThread1" daemon [_thread_in_native, id=1880, stack(0x0000000016cd0000,0x0000000016dd0000)]
  0x00000000155a7000 JavaThread "C2 CompilerThread0" daemon [_thread_blocked, id=11460, stack(0x0000000016bd0000,0x0000000016cd0000)]
  0x00000000155a5800 JavaThread "Attach Listener" daemon [_thread_blocked, id=10984, stack(0x0000000016ad0000,0x0000000016bd0000)]
  0x00000000155f1800 JavaThread "Signal Dispatcher" daemon [_thread_blocked, id=7172, stack(0x00000000169d0000,0x0000000016ad0000)]
  0x0000000002eca000 JavaThread "Finalizer" daemon [_thread_blocked, id=11544, stack(0x00000000167f0000,0x00000000168f0000)]
  0x0000000002ebf800 JavaThread "Reference Handler" daemon [_thread_blocked, id=4128, stack(0x00000000166f0000,0x00000000167f0000)]
  0x0000000002dd0800 JavaThread "main" [_thread_blocked, id=10192, stack(0x0000000002cd0000,0x0000000002dd0000)]

Other Threads:
  0x0000000015568000 VMThread [stack: 0x00000000165f0000,0x00000000166f0000] [id=1612]
  0x0000000016e7b000 WatcherThread [stack: 0x00000000173d0000,0x00000000174d0000] [id=9700]

VM state:not at safepoint (normal execution)

VM Mutex/Monitor currently owned by a thread: None

Heap:
 PSYoungGen      total 38400K, used 37385K [0x00000000eab00000, 0x00000000ef600000, 0x0000000100000000)
  eden space 33280K, 98% used [0x00000000eab00000,0x00000000ecadf020,0x00000000ecb80000)
  from space 5120K, 92% used [0x00000000ecb80000,0x00000000ed023690,0x00000000ed080000)
  to   space 5120K, 0% used [0x00000000ef100000,0x00000000ef100000,0x00000000ef600000)
 ParOldGen       total 87552K, used 8K [0x00000000c0000000, 0x00000000c5580000, 0x00000000eab00000)
  object space 87552K, 0% used [0x00000000c0000000,0x00000000c0002000,0x00000000c5580000)
 Metaspace       used 6228K, capacity 7094K, committed 7296K, reserved 1056768K
  class space    used 602K, capacity 622K, committed 640K, reserved 1048576K

Card table byte_map: [0x0000000012290000,0x00000000124a0000] byte_map_base: 0x0000000011c90000

Marking Bits: (ParMarkBitMap*) 0x0000000065dba6d0
 Begin Bits: [0x0000000012a00000, 0x0000000013a00000)
 End Bits:   [0x0000000013a00000, 0x0000000014a00000)

Polling page: 0x0000000002bc0000

CodeCache: size=245760Kb used=6309Kb max_used=6326Kb free=239450Kb
 bounds [0x0000000002ed0000, 0x0000000003510000, 0x0000000011ed0000]
 total_blobs=1784 nmethods=1515 adapters=182
 compilation: enabled

Compilation events (10 events):
Event: 4.472 Thread 0x00000000155aa800 1485       4       com.android.dx.cf.code.Ropper::getAvailableLabel (54 bytes)
Event: 4.472 Thread 0x0000000016e1c800 1516       1       com.android.dx.dex.code.RopTranslator::access$100 (5 bytes)
Event: 4.472 Thread 0x0000000016e1c800 nmethod 1516 0x00000000034b4510 code [0x00000000034b4660, 0x00000000034b4750]
Event: 4.472 Thread 0x0000000016e1c800 1515       1       com.android.dx.ssa.PhiInsn::canThrow (2 bytes)
Event: 4.472 Thread 0x0000000016e1c800 nmethod 1515 0x00000000034b4250 code [0x00000000034b43a0, 0x00000000034b44b0]
Event: 4.481 Thread 0x00000000155aa800 nmethod 1485 0x00000000034fa9d0 code [0x00000000034fab40, 0x00000000034faf58]
Event: 4.481 Thread 0x00000000155aa800 1520   !   4       com.android.dx.cf.cst.ConstantPoolParser::parse0 (731 bytes)
Event: 4.581 Thread 0x00000000155a7000 nmethod 1498 0x00000000034ff110 code [0x00000000034ff460, 0x0000000003501a70]
Event: 4.581 Thread 0x00000000155a7000 1373       4       com.android.dx.ssa.SCCP::addBlockToWorklist (47 bytes)
Event: 4.595 Thread 0x00000000155a7000 nmethod 1373 0x00000000034fdf90 code [0x00000000034fe120, 0x00000000034fe968]

GC Heap History (2 events):
Event: 2.806 GC heap before
{Heap before GC invocations=1 (full 0):
 PSYoungGen      total 38400K, used 33280K [0x00000000eab00000, 0x00000000ed580000, 0x0000000100000000)
  eden space 33280K, 100% used [0x00000000eab00000,0x00000000ecb80000,0x00000000ecb80000)
  from space 5120K, 0% used [0x00000000ed080000,0x00000000ed080000,0x00000000ed580000)
  to   space 5120K, 0% used [0x00000000ecb80000,0x00000000ecb80000,0x00000000ed080000)
 ParOldGen       total 87552K, used 0K [0x00000000c0000000, 0x00000000c5580000, 0x00000000eab00000)
  object space 87552K, 0% used [0x00000000c0000000,0x00000000c0000000,0x00000000c5580000)
 Metaspace       used 5895K, capacity 6774K, committed 7040K, reserved 1056768K
  class space    used 601K, capacity 622K, committed 640K, reserved 1048576K
Event: 2.926 GC heap after
Heap after GC invocations=1 (full 0):
 PSYoungGen      total 38400K, used 4749K [0x00000000eab00000, 0x00000000ef600000, 0x0000000100000000)
  eden space 33280K, 0% used [0x00000000eab00000,0x00000000eab00000,0x00000000ecb80000)
  from space 5120K, 92% used [0x00000000ecb80000,0x00000000ed023690,0x00000000ed080000)
  to   space 5120K, 0% used [0x00000000ef100000,0x00000000ef100000,0x00000000ef600000)
 ParOldGen       total 87552K, used 8K [0x00000000c0000000, 0x00000000c5580000, 0x00000000eab00000)
  object space 87552K, 0% used [0x00000000c0000000,0x00000000c0002000,0x00000000c5580000)
 Metaspace       used 5895K, capacity 6774K, committed 7040K, reserved 1056768K
  class space    used 601K, capacity 622K, committed 640K, reserved 1048576K
}

Deoptimization events (10 events):
Event: 1.991 Thread 0x000000001703a800 Uncommon trap: reason=unstable_if action=reinterpret pc=0x00000000030f993c method=java.util.HashMap.getNode(ILjava/lang/Object;)Ljava/util/HashMap$Node; @ 62
Event: 3.164 Thread 0x0000000017033000 Uncommon trap: reason=unloaded action=reinterpret pc=0x00000000031a8b74 method=com.android.dx.ssa.SsaRenamer$BlockRenamer.visitMoveInsn(Lcom/android/dx/ssa/NormalSsaInsn;)V @ 208
Event: 3.165 Thread 0x0000000017033000 Uncommon trap: reason=unstable_if action=reinterpret pc=0x0000000003279490 method=com.android.dx.ssa.NormalSsaInsn.getLocalAssignment()Lcom/android/dx/rop/code/RegisterSpec; @ 12
Event: 3.165 Thread 0x0000000017033000 Uncommon trap: reason=unstable_if action=reinterpret pc=0x000000000326cd28 method=com.android.dx.ssa.NormalSsaInsn.getLocalAssignment()Lcom/android/dx/rop/code/RegisterSpec; @ 12
Event: 3.165 Thread 0x0000000017033000 Uncommon trap: reason=unstable_if action=reinterpret pc=0x00000000032165f0 method=com.android.dx.ssa.NormalSsaInsn.getLocalAssignment()Lcom/android/dx/rop/code/RegisterSpec; @ 12
Event: 3.527 Thread 0x0000000017032800 Uncommon trap: reason=unstable_if action=reinterpret pc=0x00000000032f689c method=com.android.dx.ssa.SsaMethod.updateOneDefinition(Lcom/android/dx/ssa/SsaInsn;Lcom/android/dx/rop/code/RegisterSpec;)V @ 4
Event: 3.636 Thread 0x0000000002dd0800 Uncommon trap: reason=unstable_if action=reinterpret pc=0x000000000325cdc0 method=java.lang.String.<init>([CII)V @ 18
Event: 3.668 Thread 0x0000000002dd0800 Uncommon trap: reason=bimorphic action=maybe_recompile pc=0x00000000031745f4 method=java.util.HashMap.getNode(ILjava/lang/Object;)Ljava/util/HashMap$Node; @ 126
Event: 4.184 Thread 0x0000000017033000 Uncommon trap: reason=bimorphic action=maybe_recompile pc=0x00000000031745f4 method=java.util.HashMap.getNode(ILjava/lang/Object;)Ljava/util/HashMap$Node; @ 126
Event: 4.447 Thread 0x000000001702e800 Uncommon trap: reason=uninitialized action=reinterpret pc=0x00000000033fc950 method=com.android.dx.cf.code.BytecodeArray.parseInstruction(ILcom/android/dx/cf/code/BytecodeArray$Visitor;)I @ 999

Internal exceptions (2 events):
Event: 0.039 Thread 0x0000000002dd0800 Exception <a 'java/lang/NoSuchMethodError': Method sun.misc.Unsafe.defineClass(Ljava/lang/String;[BII)Ljava/lang/Class; name or signature does not match> (0x00000000eab07cc0) thrown at [C:\re\workspace\8-2-build-windows-amd64-cygwin\jdk8u101\7261\hotspot\s÷‘B–1§?
Event: 0.039 Thread 0x0000000002dd0800 Exception <a 'java/lang/NoSuchMethodError': Method sun.misc.Unsafe.prefetchRead(Ljava/lang/Object;J)V name or signature does not match> (0x00000000eab07fa8) thrown at [C:\re\workspace\8-2-build-windows-amd64-cygwin\jdk8u101\7261\hotspot\src\share\vm\prims\

Events (10 events):
Event: 3.683 Executing VM operation: ForceSafepoint
Event: 4.171 Executing VM operation: ForceSafepoint done
Event: 4.184 Thread 0x0000000017033000 Uncommon trap: trap_request=0xffffffc6 fr.pc=0x00000000031745f4
Event: 4.184 Thread 0x0000000017033000 DEOPT PACKING pc=0x00000000031745f4 sp=0x00000000180cede0
Event: 4.184 Thread 0x0000000017033000 DEOPT UNPACKING pc=0x0000000002f1582a sp=0x00000000180ced60 mode 2
Event: 4.221 Executing VM operation: EnableBiasedLocking
Event: 4.228 Executing VM operation: EnableBiasedLocking done
Event: 4.447 Thread 0x000000001702e800 Uncommon trap: trap_request=0xffffffb5 fr.pc=0x00000000033fc950
Event: 4.447 Thread 0x000000001702e800 DEOPT PACKING pc=0x00000000033fc950 sp=0x0000000017dceab0
Event: 4.447 Thread 0x000000001702e800 DEOPT UNPACKING pc=0x0000000002f1582a sp=0x0000000017dcea30 mode 2


Dynamic libraries:
0x00007ff699130000 - 0x00007ff699167000 	C:\Program Files\Java\jdk1.8.0_101\bin\java.exe
0x00007ff826700000 - 0x00007ff8268c1000 	C:\WINDOWS\SYSTEM32\ntdll.dll
0x00007ff824500000 - 0x00007ff8245ad000 	C:\WINDOWS\system32\KERNEL32.DLL
0x00007ff823570000 - 0x00007ff823758000 	C:\WINDOWS\system32\KERNELBASE.dll
0x00007ff823ef0000 - 0x00007ff823f97000 	C:\WINDOWS\system32\ADVAPI32.dll
0x00007ff823e50000 - 0x00007ff823eed000 	C:\WINDOWS\system32\msvcrt.dll
0x00007ff823b00000 - 0x00007ff823b5b000 	C:\WINDOWS\system32\sechost.dll
0x00007ff824220000 - 0x00007ff82433c000 	C:\WINDOWS\system32\RPCRT4.dll
0x00007ff825e40000 - 0x00007ff825f96000 	C:\WINDOWS\system32\USER32.dll
0x00007ff8263d0000 - 0x00007ff826556000 	C:\WINDOWS\system32\GDI32.dll
0x00007ff810ac0000 - 0x00007ff810d34000 	C:\WINDOWS\WinSxS\amd64_microsoft.windows.common-controls_6595b64144ccf1df_6.0.10586.589_none_a2ddb3caa539acce\COMCTL32.dll
0x00007ff823fa0000 - 0x00007ff82421d000 	C:\WINDOWS\system32\combase.dll
0x00007ff823a90000 - 0x00007ff823afa000 	C:\WINDOWS\system32\bcryptPrimitives.dll
0x00007ff826560000 - 0x00007ff82659b000 	C:\WINDOWS\system32\IMM32.DLL
0x0000000065e40000 - 0x0000000065f12000 	C:\Program Files\Java\jdk1.8.0_101\jre\bin\msvcr100.dll
0x00000000655a0000 - 0x0000000065e3a000 	C:\Program Files\Java\jdk1.8.0_101\jre\bin\server\jvm.dll
0x00007ff824660000 - 0x00007ff824668000 	C:\WINDOWS\system32\PSAPI.DLL
0x00007ff80f7c0000 - 0x00007ff80f7c9000 	C:\WINDOWS\SYSTEM32\WSOCK32.dll
0x00007ff824470000 - 0x00007ff8244db000 	C:\WINDOWS\system32\WS2_32.dll
0x00007ff820fa0000 - 0x00007ff820fc3000 	C:\WINDOWS\SYSTEM32\WINMM.dll
0x00007ff81e3e0000 - 0x00007ff81e3ea000 	C:\WINDOWS\SYSTEM32\VERSION.dll
0x00007ff820f40000 - 0x00007ff820f6c000 	C:\WINDOWS\SYSTEM32\WINMMBASE.dll
0x00007ff823930000 - 0x00007ff823973000 	C:\WINDOWS\system32\cfgmgr32.dll
0x0000000065590000 - 0x000000006559f000 	C:\Program Files\Java\jdk1.8.0_101\jre\bin\verify.dll
0x0000000065560000 - 0x0000000065589000 	C:\Program Files\Java\jdk1.8.0_101\jre\bin\java.dll
0x0000000065540000 - 0x0000000065556000 	C:\Program Files\Java\jdk1.8.0_101\jre\bin\zip.dll
0x00007ff824670000 - 0x00007ff825bcc000 	C:\WINDOWS\system32\SHELL32.dll
0x00007ff822e70000 - 0x00007ff8234b5000 	C:\WINDOWS\system32\windows.storage.dll
0x00007ff823bd0000 - 0x00007ff823c22000 	C:\WINDOWS\system32\shlwapi.dll
0x00007ff822d30000 - 0x00007ff822d3f000 	C:\WINDOWS\system32\kernel.appcore.dll
0x00007ff822db0000 - 0x00007ff822e65000 	C:\WINDOWS\system32\shcore.dll
0x00007ff822d40000 - 0x00007ff822d8b000 	C:\WINDOWS\system32\powrprof.dll
0x00007ff822d90000 - 0x00007ff822da4000 	C:\WINDOWS\system32\profapi.dll

VM Arguments:
jvm_args: -Djava.awt.headless=true -Xmx1024M -Dfile.encoding=windows-1255 -Duser.country=US -Duser.language=en -Duser.variant 
java_command: com.android.dx.command.Main --dex --num-threads=4 --output C:\Programming\ChooserAndroid\app\build\intermediates\pre-dexed\debug\com.google.android.gms-play-services-basement-8.1.0_03ccbef992a85f82b487b5c5b8a5a273c9e71551.jar C:\Programming\ChooserAndroid\app\build\intermediates\exploded-aar\com.google.android.gms\play-services-basement\8.1.0\jars\classes.jar
java_class_path (initial): C:\Users\Barak\AppData\Local\Android\sdk\build-tools\23.0.2\lib\dx.jar
Launcher Type: SUN_STANDARD

Environment Variables:
PATH=C:\ProgramData\Oracle\Java\javapath;C:\WINDOWS\system32;C:\WINDOWS;C:\WINDOWS\System32\Wbem;C:\WINDOWS\System32\WindowsPowerShell\v1.0\;C:\Program Files (x86)\ATI Technologies\ATI.ACE\Core-Static;C:\Program Files\Git\cmd;C:\Program Files\Microsoft SQL Server\Client SDK\ODBC\110\Tools\Binn\;C:\Program Files (x86)\Microsoft SQL Server\120\Tools\Binn\;C:\Program Files\Microsoft SQL Server\120\Tools\Binn\;C:\Program Files\Microsoft SQL Server\120\DTS\Binn\;C:\Program Files (x86)\Windows Kits\8.1\Windows Performance Toolkit\;C:\Program Files\nodejs\;C:\Program Files\Microsoft SQL Server\130\Tools\Binn\;C:\Users\Barak\AppData\Roaming\npm;C:\Users\Barak\AppData\Local\atom\bin
USERNAME=Barak
OS=Windows_NT
PROCESSOR_IDENTIFIER=Intel64 Family 6 Model 42 Stepping 7, GenuineIntel



---------------  S Y S T E M  ---------------

OS: Windows 10.0 , 64 bit Build 10586 (10.0.10586.589)

CPU:total 4 (2 cores per cpu, 2 threads per core) family 6 model 42 stepping 7, cmov, cx8, fxsr, mmx, sse, sse2, sse3, ssse3, sse4.1, sse4.2, popcnt, avx, clmul, ht, tsc, tscinvbit

Memory: 4k page, physical 8297704k(625416k free), swap 12060088k(6756k free)

vm_info: Java HotSpot(TM) 64-Bit Server VM (25.101-b13) for windows-amd64 JRE (1.8.0_101-b13), built on Jun 22 2016 01:21:29 by "java_re" with MS VC++ 10.0 (VS2010)

time: Mon Sep 26 22:34:29 2016
elapsed time: 4 seconds (0d 0h 0m 4s)

