#
# There is insufficient memory for the Java Runtime Environment to continue.
# Native memory allocation (malloc) failed to allocate 32744 bytes for ChunkPool::allocate
# Possible reasons:
#   The system is out of physical RAM or swap space
#   In 32 bit mode, the process size limit was hit
# Possible solutions:
#   Reduce memory load on the system
#   Increase physical memory or swap space
#   Check if swap backing store is full
#   Use 64 bit Java on a 64 bit OS
#   Decrease Java heap size (-Xmx/-Xms)
#   Decrease number of Java threads
#   Decrease Java thread stack sizes (-Xss)
#   Set larger code cache with -XX:ReservedCodeCacheSize=
# This output file may be truncated or incomplete.
#
#  Out of Memory Error (allocation.cpp:273), pid=11704, tid=0x0000000000002e8c
#
# JRE version: Java(TM) SE Runtime Environment (8.0_101-b13) (build 1.8.0_101-b13)
# Java VM: Java HotSpot(TM) 64-Bit Server VM (25.101-b13 mixed mode windows-amd64 compressed oops)
# Failed to write core dump. Minidumps are not enabled by default on client versions of Windows
#

---------------  T H R E A D  ---------------

Current thread (0x000000001557a800):  JavaThread "C2 CompilerThread0" daemon [_thread_in_native, id=11916, stack(0x0000000016a90000,0x0000000016b90000)]

Stack: [0x0000000016a90000,0x0000000016b90000]
[error occurred during error reporting (printing stack bounds), id 0xc0000005]

Native frames: (J=compiled Java code, j=interpreted, Vv=VM code, C=native code)


Current CompileTask:
C2:  15994 2490 %     4       com.android.dx.ssa.SsaConverter::edgeSplitSuccessors @ 45 (98 bytes)


---------------  P R O C E S S  ---------------

Java Threads: ( => current thread )
  0x0000000016e40800 JavaThread "pool-1-thread-4" [_thread_blocked, id=9452, stack(0x0000000017790000,0x0000000017890000)]
  0x0000000016e3f800 JavaThread "pool-1-thread-3" [_thread_blocked, id=11432, stack(0x0000000017690000,0x0000000017790000)]
  0x0000000016e3e800 JavaThread "pool-1-thread-2" [_thread_blocked, id=3684, stack(0x0000000017590000,0x0000000017690000)]
  0x0000000016f18800 JavaThread "pool-2-thread-1" [_thread_blocked, id=1260, stack(0x0000000017490000,0x0000000017590000)]
  0x0000000016e9a000 JavaThread "pool-1-thread-1" [_thread_in_Java, id=9652, stack(0x0000000017390000,0x0000000017490000)]
  0x0000000016be2000 JavaThread "Service Thread" daemon [_thread_blocked, id=2480, stack(0x0000000017190000,0x0000000017290000)]
  0x0000000016bdc000 JavaThread "C1 CompilerThread2" daemon [_thread_blocked, id=10968, stack(0x0000000017090000,0x0000000017190000)]
  0x000000001558e000 JavaThread "C2 CompilerThread1" daemon [_thread_in_native, id=10640, stack(0x0000000016f90000,0x0000000017090000)]
=>0x000000001557a800 JavaThread "C2 CompilerThread0" daemon [_thread_in_native, id=11916, stack(0x0000000016a90000,0x0000000016b90000)]
  0x0000000015578800 JavaThread "Attach Listener" daemon [_thread_blocked, id=11496, stack(0x0000000016990000,0x0000000016a90000)]
  0x0000000015577800 JavaThread "Signal Dispatcher" daemon [_thread_blocked, id=11932, stack(0x0000000016890000,0x0000000016990000)]
  0x0000000002e5a800 JavaThread "Finalizer" daemon [_thread_blocked, id=4156, stack(0x0000000016790000,0x0000000016890000)]
  0x00000000154f9000 JavaThread "Reference Handler" daemon [_thread_blocked, id=2744, stack(0x0000000016690000,0x0000000016790000)]
  0x0000000002d60800 JavaThread "main" [_thread_blocked, id=5828, stack(0x0000000002c60000,0x0000000002d60000)]

Other Threads:
  0x00000000154f7000 VMThread [stack: 0x0000000016590000,0x0000000016690000] [id=7500]
  0x0000000016c4c000 WatcherThread [stack: 0x0000000017290000,0x0000000017390000] [id=2352]

VM state:not at safepoint (normal execution)

VM Mutex/Monitor currently owned by a thread: None

Heap:
 PSYoungGen      total 122880K, used 32707K [0x00000000eab00000, 0x00000000f3900000, 0x0000000100000000)
  eden space 102400K, 11% used [0x00000000eab00000,0x00000000eb6f2ac8,0x00000000f0f00000)
  from space 20480K, 99% used [0x00000000f0f00000,0x00000000f22fe3f0,0x00000000f2300000)
  to   space 18432K, 0% used [0x00000000f2300000,0x00000000f2300000,0x00000000f3500000)
 ParOldGen       total 87552K, used 51604K [0x00000000c0000000, 0x00000000c5580000, 0x00000000eab00000)
  object space 87552K, 58% used [0x00000000c0000000,0x00000000c3265188,0x00000000c5580000)
 Metaspace       used 6599K, capacity 7256K, committed 7424K, reserved 1056768K
  class space    used 628K, capacity 656K, committed 768K, reserved 1048576K

Card table byte_map: [0x0000000012220000,0x0000000012430000] byte_map_base: 0x0000000011c20000

Marking Bits: (ParMarkBitMap*) 0x0000000065dba6d0
 Begin Bits: [0x0000000012990000, 0x0000000013990000)
 End Bits:   [0x0000000013990000, 0x0000000014990000)

Polling page: 0x0000000001050000

CodeCache: size=245760Kb used=10810Kb max_used=10822Kb free=234949Kb
 bounds [0x0000000002e60000, 0x0000000003900000, 0x0000000011e60000]
 total_blobs=2505 nmethods=2235 adapters=182
 compilation: enabled

Compilation events (10 events):
Event: 15.094 Thread 0x0000000016bdc000 2480       3       java.util.DualPivotQuicksort::sort (1195 bytes)
Event: 15.098 Thread 0x0000000016bdc000 nmethod 2480 0x00000000038bd890 code [0x00000000038bdc40, 0x00000000038bfd28]
Event: 15.115 Thread 0x0000000016bdc000 2488       3       java.util.HashMap::resize (359 bytes)
Event: 15.116 Thread 0x0000000016bdc000 nmethod 2488 0x00000000038e41d0 code [0x00000000038e4420, 0x00000000038e5648]
Event: 15.122 Thread 0x0000000016bdc000 2489 %     3       java.util.HashMap::resize @ 154 (359 bytes)
Event: 15.124 Thread 0x0000000016bdc000 nmethod 2489% 0x00000000038e2390 code [0x00000000038e2600, 0x00000000038e3908]
Event: 15.924 Thread 0x000000001557a800 nmethod 2477 0x00000000038f9110 code [0x00000000038f9440, 0x00000000038fba60]
Event: 15.924 Thread 0x000000001557a800 2490 %     4       com.android.dx.ssa.SsaConverter::edgeSplitSuccessors @ 45 (98 bytes)
Event: 15.930 Thread 0x0000000016bdc000 2501       2       java.util.DualPivotQuicksort::sort (614 bytes)
Event: 15.932 Thread 0x0000000016bdc000 nmethod 2501 0x00000000038e0010 code [0x00000000038e0260, 0x00000000038e0fb8]

GC Heap History (10 events):
Event: 6.088 GC heap before
{Heap before GC invocations=5 (full 0):
 PSYoungGen      total 71680K, used 71649K [0x00000000eab00000, 0x00000000ef600000, 0x0000000100000000)
  eden space 66560K, 100% used [0x00000000eab00000,0x00000000eec00000,0x00000000eec00000)
  from space 5120K, 99% used [0x00000000ef100000,0x00000000ef5f85b0,0x00000000ef600000)
  to   space 5120K, 0% used [0x00000000eec00000,0x00000000eec00000,0x00000000ef100000)
 ParOldGen       total 87552K, used 14319K [0x00000000c0000000, 0x00000000c5580000, 0x00000000eab00000)
  object space 87552K, 16% used [0x00000000c0000000,0x00000000c0dfbd20,0x00000000c5580000)
 Metaspace       used 6393K, capacity 7156K, committed 7296K, reserved 1056768K
  class space    used 608K, capacity 620K, committed 640K, reserved 1048576K
Event: 6.155 GC heap after
Heap after GC invocations=5 (full 0):
 PSYoungGen      total 71680K, used 5105K [0x00000000eab00000, 0x00000000ef600000, 0x0000000100000000)
  eden space 66560K, 0% used [0x00000000eab00000,0x00000000eab00000,0x00000000eec00000)
  from space 5120K, 99% used [0x00000000eec00000,0x00000000ef0fc790,0x00000000ef100000)
  to   space 5120K, 0% used [0x00000000ef100000,0x00000000ef100000,0x00000000ef600000)
 ParOldGen       total 87552K, used 25058K [0x00000000c0000000, 0x00000000c5580000, 0x00000000eab00000)
  object space 87552K, 28% used [0x00000000c0000000,0x00000000c18788d0,0x00000000c5580000)
 Metaspace       used 6393K, capacity 7156K, committed 7296K, reserved 1056768K
  class space    used 608K, capacity 620K, committed 640K, reserved 1048576K
}
Event: 8.244 GC heap before
{Heap before GC invocations=6 (full 0):
 PSYoungGen      total 71680K, used 71665K [0x00000000eab00000, 0x00000000ef600000, 0x0000000100000000)
  eden space 66560K, 100% used [0x00000000eab00000,0x00000000eec00000,0x00000000eec00000)
  from space 5120K, 99% used [0x00000000eec00000,0x00000000ef0fc790,0x00000000ef100000)
  to   space 5120K, 0% used [0x00000000ef100000,0x00000000ef100000,0x00000000ef600000)
 ParOldGen       total 87552K, used 25058K [0x00000000c0000000, 0x00000000c5580000, 0x00000000eab00000)
  object space 87552K, 28% used [0x00000000c0000000,0x00000000c18788d0,0x00000000c5580000)
 Metaspace       used 6432K, capacity 7156K, committed 7296K, reserved 1056768K
  class space    used 608K, capacity 620K, committed 640K, reserved 1048576K
Event: 8.632 GC heap after
Heap after GC invocations=6 (full 0):
 PSYoungGen      total 57344K, used 5110K [0x00000000eab00000, 0x00000000f5300000, 0x0000000100000000)
  eden space 52224K, 0% used [0x00000000eab00000,0x00000000eab00000,0x00000000ede00000)
  from space 5120K, 99% used [0x00000000ef100000,0x00000000ef5fd990,0x00000000ef600000)
  to   space 19456K, 0% used [0x00000000ede00000,0x00000000ede00000,0x00000000ef100000)
 ParOldGen       total 87552K, used 36152K [0x00000000c0000000, 0x00000000c5580000, 0x00000000eab00000)
  object space 87552K, 41% used [0x00000000c0000000,0x00000000c234e150,0x00000000c5580000)
 Metaspace       used 6432K, capacity 7156K, committed 7296K, reserved 1056768K
  class space    used 608K, capacity 620K, committed 640K, reserved 1048576K
}
Event: 10.333 GC heap before
{Heap before GC invocations=7 (full 0):
 PSYoungGen      total 57344K, used 57334K [0x00000000eab00000, 0x00000000f5300000, 0x0000000100000000)
  eden space 52224K, 100% used [0x00000000eab00000,0x00000000ede00000,0x00000000ede00000)
  from space 5120K, 99% used [0x00000000ef100000,0x00000000ef5fd990,0x00000000ef600000)
  to   space 19456K, 0% used [0x00000000ede00000,0x00000000ede00000,0x00000000ef100000)
 ParOldGen       total 87552K, used 36152K [0x00000000c0000000, 0x00000000c5580000, 0x00000000eab00000)
  object space 87552K, 41% used [0x00000000c0000000,0x00000000c234e150,0x00000000c5580000)
 Metaspace       used 6579K, capacity 7256K, committed 7424K, reserved 1056768K
  class space    used 628K, capacity 656K, committed 768K, reserved 1048576K
Event: 10.681 GC heap after
Heap after GC invocations=7 (full 0):
 PSYoungGen      total 71680K, used 10980K [0x00000000eab00000, 0x00000000f3500000, 0x0000000100000000)
  eden space 52224K, 0% used [0x00000000eab00000,0x00000000eab00000,0x00000000ede00000)
  from space 19456K, 56% used [0x00000000ede00000,0x00000000ee8b93f0,0x00000000ef100000)
  to   space 18432K, 0% used [0x00000000f2300000,0x00000000f2300000,0x00000000f3500000)
 ParOldGen       total 87552K, used 38486K [0x00000000c0000000, 0x00000000c5580000, 0x00000000eab00000)
  object space 87552K, 43% used [0x00000000c0000000,0x00000000c2595ae8,0x00000000c5580000)
 Metaspace       used 6579K, capacity 7256K, committed 7424K, reserved 1056768K
  class space    used 628K, capacity 656K, committed 768K, reserved 1048576K
}
Event: 11.948 GC heap before
{Heap before GC invocations=8 (full 0):
 PSYoungGen      total 71680K, used 63204K [0x00000000eab00000, 0x00000000f3500000, 0x0000000100000000)
  eden space 52224K, 100% used [0x00000000eab00000,0x00000000ede00000,0x00000000ede00000)
  from space 19456K, 56% used [0x00000000ede00000,0x00000000ee8b93f0,0x00000000ef100000)
  to   space 18432K, 0% used [0x00000000f2300000,0x00000000f2300000,0x00000000f3500000)
 ParOldGen       total 87552K, used 38486K [0x00000000c0000000, 0x00000000c5580000, 0x00000000eab00000)
  object space 87552K, 43% used [0x00000000c0000000,0x00000000c2595ae8,0x00000000c5580000)
 Metaspace       used 6586K, capacity 7256K, committed 7424K, reserved 1056768K
  class space    used 628K, capacity 656K, committed 768K, reserved 1048576K
Event: 12.440 GC heap after
Heap after GC invocations=8 (full 0):
 PSYoungGen      total 120832K, used 17800K [0x00000000eab00000, 0x00000000f3900000, 0x0000000100000000)
  eden space 102400K, 0% used [0x00000000eab00000,0x00000000eab00000,0x00000000f0f00000)
  from space 18432K, 96% used [0x00000000f2300000,0x00000000f34623c0,0x00000000f3500000)
  to   space 20480K, 0% used [0x00000000f0f00000,0x00000000f0f00000,0x00000000f2300000)
 ParOldGen       total 87552K, used 39740K [0x00000000c0000000, 0x00000000c5580000, 0x00000000eab00000)
  object space 87552K, 45% used [0x00000000c0000000,0x00000000c26cf060,0x00000000c5580000)
 Metaspace       used 6586K, capacity 7256K, committed 7424K, reserved 1056768K
  class space    used 628K, capacity 656K, committed 768K, reserved 1048576K
}
Event: 15.522 GC heap before
{Heap before GC invocations=9 (full 0):
 PSYoungGen      total 120832K, used 120200K [0x00000000eab00000, 0x00000000f3900000, 0x0000000100000000)
  eden space 102400K, 100% used [0x00000000eab00000,0x00000000f0f00000,0x00000000f0f00000)
  from space 18432K, 96% used [0x00000000f2300000,0x00000000f34623c0,0x00000000f3500000)
  to   space 20480K, 0% used [0x00000000f0f00000,0x00000000f0f00000,0x00000000f2300000)
 ParOldGen       total 87552K, used 39740K [0x00000000c0000000, 0x00000000c5580000, 0x00000000eab00000)
  object space 87552K, 45% used [0x00000000c0000000,0x00000000c26cf060,0x00000000c5580000)
 Metaspace       used 6599K, capacity 7256K, committed 7424K, reserved 1056768K
  class space    used 628K, capacity 656K, committed 768K, reserved 1048576K
Event: 15.918 GC heap after
Heap after GC invocations=9 (full 0):
 PSYoungGen      total 122880K, used 20472K [0x00000000eab00000, 0x00000000f3900000, 0x0000000100000000)
  eden space 102400K, 0% used [0x00000000eab00000,0x00000000eab00000,0x00000000f0f00000)
  from space 20480K, 99% used [0x00000000f0f00000,0x00000000f22fe3f0,0x00000000f2300000)
  to   space 18432K, 0% used [0x00000000f2300000,0x00000000f2300000,0x00000000f3500000)
 ParOldGen       total 87552K, used 51604K [0x00000000c0000000, 0x00000000c5580000, 0x00000000eab00000)
  object space 87552K, 58% used [0x00000000c0000000,0x00000000c3265188,0x00000000c5580000)
 Metaspace       used 6599K, capacity 7256K, committed 7424K, reserved 1056768K
  class space    used 628K, capacity 656K, committed 768K, reserved 1048576K
}

Deoptimization events (10 events):
Event: 8.816 Thread 0x0000000016e40800 Uncommon trap: reason=unstable_if action=reinterpret pc=0x000000000358fd04 method=java.util.HashMap.getNode(ILjava/lang/Object;)Ljava/util/HashMap$Node; @ 84
Event: 9.346 Thread 0x0000000016e9a000 Uncommon trap: reason=unstable_if action=reinterpret pc=0x0000000003590318 method=java.util.HashMap.getNode(ILjava/lang/Object;)Ljava/util/HashMap$Node; @ 84
Event: 9.363 Thread 0x0000000016e3e800 Uncommon trap: reason=unstable_if action=reinterpret pc=0x000000000350a714 method=com.android.dx.ssa.MoveParamCombiner$1.visitNonMoveInsn(Lcom/android/dx/ssa/NormalSsaInsn;)V @ 27
Event: 9.403 Thread 0x0000000016e40800 Uncommon trap: reason=bimorphic action=maybe_recompile pc=0x0000000003512648 method=com.android.dx.ssa.LiteralOpUpgrader.tryReplacingWithConstant(Lcom/android/dx/ssa/NormalSsaInsn;)Z @ 62
Event: 9.403 Thread 0x0000000016e40800 Uncommon trap: reason=unstable_if action=reinterpret pc=0x0000000003540390 method=com.android.dx.ssa.LiteralOpUpgrader$1.visitNonMoveInsn(Lcom/android/dx/ssa/NormalSsaInsn;)V @ 24
Event: 9.411 Thread 0x0000000016e40800 Uncommon trap: reason=bimorphic action=maybe_recompile pc=0x0000000003512648 method=com.android.dx.ssa.LiteralOpUpgrader.tryReplacingWithConstant(Lcom/android/dx/ssa/NormalSsaInsn;)Z @ 62
Event: 10.789 Thread 0x0000000016e40800 Uncommon trap: reason=unstable_if action=reinterpret pc=0x00000000037147ec method=java.util.HashMap.putVal(ILjava/lang/Object;Ljava/lang/Object;ZZ)Ljava/lang/Object; @ 109
Event: 12.739 Thread 0x0000000002d60800 Uncommon trap: reason=unstable_if action=reinterpret pc=0x00000000037c9700 method=com.android.dx.cf.direct.StdAttributeFactory.parse0(Lcom/android/dx/cf/direct/DirectClassFile;ILjava/lang/String;IILcom/android/dx/cf/iface/ParseObserver;)Lcom/android/dx/cf/©#–h+@
Event: 13.513 Thread 0x0000000002d60800 Uncommon trap: reason=unstable_if action=reinterpret pc=0x000000000388b740 method=com.android.dx.cf.code.BytecodeArray.parseInstruction(ILcom/android/dx/cf/code/BytecodeArray$Visitor;)I @ 1261
Event: 15.115 Thread 0x0000000016e3f800 Uncommon trap: reason=unstable_if action=reinterpret pc=0x00000000033c1b44 method=java.util.HashMap.resize()[Ljava/util/HashMap$Node; @ 206

Internal exceptions (7 events):
Event: 0.042 Thread 0x0000000002d60800 Exception <a 'java/lang/NoSuchMethodError': Method sun.misc.Unsafe.defineClass(Ljava/lang/String;[BII)Ljava/lang/Class; name or signature does not match> (0x00000000eab07cc0) thrown at [C:\re\workspace\8-2-build-windows-amd64-cygwin\jdk8u101\7261\hotspot\s°LbQ/Y¥?
Event: 0.042 Thread 0x0000000002d60800 Exception <a 'java/lang/NoSuchMethodError': Method sun.misc.Unsafe.prefetchRead(Ljava/lang/Object;J)V name or signature does not match> (0x00000000eab07fa8) thrown at [C:\re\workspace\8-2-build-windows-amd64-cygwin\jdk8u101\7261\hotspot\src\share\vm\prims\Žæ·‹œ@
Event: 3.701 Thread 0x0000000016e9a000 Implicit null exception at 0x00000000032455c4 to 0x00000000032463a1
Event: 6.273 Thread 0x0000000002d60800 Implicit null exception at 0x00000000034a13f0 to 0x00000000034a2b01
Event: 8.813 Thread 0x0000000016e40800 Exception <a 'java/lang/ArrayIndexOutOfBoundsException': 18> (0x00000000eb8f9de8) thrown at [C:\re\workspace\8-2-build-windows-amd64-cygwin\jdk8u101\7261\hotspot\src\share\vm\interpreter\interpreterRuntime.cpp, line 366]
Event: 8.813 Thread 0x0000000016e40800 Exception <a 'java/lang/ArrayIndexOutOfBoundsException'> (0x00000000eb8fb968) thrown at [C:\re\workspace\8-2-build-windows-amd64-cygwin\jdk8u101\7261\hotspot\src\share\vm\runtime\sharedRuntime.cpp, line 605]
Event: 8.815 Thread 0x0000000016e40800 Exception <a 'java/lang/ArrayIndexOutOfBoundsException'> (0x00000000eb8fcc50) thrown at [C:\re\workspace\8-2-build-windows-amd64-cygwin\jdk8u101\7261\hotspot\src\share\vm\runtime\sharedRuntime.cpp, line 605]

Events (10 events):
Event: 13.768 Thread 0x0000000016e3e800 DEOPT UNPACKING pc=0x0000000002ea787f sp=0x000000001768ed10 mode 0
Event: 14.554 Thread 0x0000000016e40800 DEOPT PACKING pc=0x00000000032c4299 sp=0x000000001788e510
Event: 14.554 Thread 0x0000000016e40800 DEOPT UNPACKING pc=0x0000000002ea787f sp=0x000000001788e308 mode 0
Event: 15.091 Thread 0x0000000016e3f800 DEOPT PACKING pc=0x00000000032cc55f sp=0x000000001778e9f0
Event: 15.091 Thread 0x0000000016e3f800 DEOPT UNPACKING pc=0x0000000002ea787f sp=0x000000001778e718 mode 0
Event: 15.115 Thread 0x0000000016e3f800 Uncommon trap: trap_request=0xffffff65 fr.pc=0x00000000033c1b44
Event: 15.115 Thread 0x0000000016e3f800 DEOPT PACKING pc=0x00000000033c1b44 sp=0x000000001778e840
Event: 15.115 Thread 0x0000000016e3f800 DEOPT UNPACKING pc=0x0000000002ea582a sp=0x000000001778e7a8 mode 2
Event: 15.133 Executing VM operation: ParallelGCFailedAllocation
Event: 15.918 Executing VM operation: ParallelGCFailedAllocation done


Dynamic libraries:
0x00007ff699130000 - 0x00007ff699167000 	C:\Program Files\Java\jdk1.8.0_101\bin\java.exe
0x00007ff826700000 - 0x00007ff8268c1000 	C:\WINDOWS\SYSTEM32\ntdll.dll
0x00007ff824500000 - 0x00007ff8245ad000 	C:\WINDOWS\system32\KERNEL32.DLL
0x00007ff823570000 - 0x00007ff823758000 	C:\WINDOWS\system32\KERNELBASE.dll
0x00007ff823ef0000 - 0x00007ff823f97000 	C:\WINDOWS\system32\ADVAPI32.dll
0x00007ff823e50000 - 0x00007ff823eed000 	C:\WINDOWS\system32\msvcrt.dll
0x00007ff823b00000 - 0x00007ff823b5b000 	C:\WINDOWS\system32\sechost.dll
0x00007ff824220000 - 0x00007ff82433c000 	C:\WINDOWS\system32\RPCRT4.dll
0x00007ff825e40000 - 0x00007ff825f96000 	C:\WINDOWS\system32\USER32.dll
0x00007ff8263d0000 - 0x00007ff826556000 	C:\WINDOWS\system32\GDI32.dll
0x00007ff810ac0000 - 0x00007ff810d34000 	C:\WINDOWS\WinSxS\amd64_microsoft.windows.common-controls_6595b64144ccf1df_6.0.10586.589_none_a2ddb3caa539acce\COMCTL32.dll
0x00007ff823fa0000 - 0x00007ff82421d000 	C:\WINDOWS\system32\combase.dll
0x00007ff823a90000 - 0x00007ff823afa000 	C:\WINDOWS\system32\bcryptPrimitives.dll
0x00007ff826560000 - 0x00007ff82659b000 	C:\WINDOWS\system32\IMM32.DLL
0x0000000065e40000 - 0x0000000065f12000 	C:\Program Files\Java\jdk1.8.0_101\jre\bin\msvcr100.dll
0x00000000655a0000 - 0x0000000065e3a000 	C:\Program Files\Java\jdk1.8.0_101\jre\bin\server\jvm.dll
0x00007ff824660000 - 0x00007ff824668000 	C:\WINDOWS\system32\PSAPI.DLL
0x00007ff80f7c0000 - 0x00007ff80f7c9000 	C:\WINDOWS\SYSTEM32\WSOCK32.dll
0x00007ff824470000 - 0x00007ff8244db000 	C:\WINDOWS\system32\WS2_32.dll
0x00007ff820fa0000 - 0x00007ff820fc3000 	C:\WINDOWS\SYSTEM32\WINMM.dll
0x00007ff81e3e0000 - 0x00007ff81e3ea000 	C:\WINDOWS\SYSTEM32\VERSION.dll
0x00007ff820f40000 - 0x00007ff820f6c000 	C:\WINDOWS\SYSTEM32\WINMMBASE.dll
0x00007ff823930000 - 0x00007ff823973000 	C:\WINDOWS\system32\cfgmgr32.dll
0x0000000065590000 - 0x000000006559f000 	C:\Program Files\Java\jdk1.8.0_101\jre\bin\verify.dll
0x0000000065560000 - 0x0000000065589000 	C:\Program Files\Java\jdk1.8.0_101\jre\bin\java.dll
0x0000000065540000 - 0x0000000065556000 	C:\Program Files\Java\jdk1.8.0_101\jre\bin\zip.dll
0x00007ff824670000 - 0x00007ff825bcc000 	C:\WINDOWS\system32\SHELL32.dll
0x00007ff822e70000 - 0x00007ff8234b5000 	C:\WINDOWS\system32\windows.storage.dll
0x00007ff823bd0000 - 0x00007ff823c22000 	C:\WINDOWS\system32\shlwapi.dll
0x00007ff822d30000 - 0x00007ff822d3f000 	C:\WINDOWS\system32\kernel.appcore.dll
0x00007ff822db0000 - 0x00007ff822e65000 	C:\WINDOWS\system32\shcore.dll
0x00007ff822d40000 - 0x00007ff822d8b000 	C:\WINDOWS\system32\powrprof.dll
0x00007ff822d90000 - 0x00007ff822da4000 	C:\WINDOWS\system32\profapi.dll

VM Arguments:
jvm_args: -Djava.awt.headless=true -Xmx1024M -Dfile.encoding=windows-1255 -Duser.country=US -Duser.language=en -Duser.variant 
java_command: com.android.dx.command.Main --dex --num-threads=4 --output C:\Programming\ChooserAndroid\app\build\intermediates\pre-dexed\debug\com.android.support-support-v4-23.4.0_6fd59b35d9f9b78ad2f895cfd1fcd9a579c15d01.jar C:\Programming\ChooserAndroid\app\build\intermediates\exploded-aar\com.android.support\support-v4\23.4.0\jars\classes.jar
java_class_path (initial): C:\Users\Barak\AppData\Local\Android\sdk\build-tools\23.0.2\lib\dx.jar
Launcher Type: SUN_STANDARD

Environment Variables:
PATH=C:\ProgramData\Oracle\Java\javapath;C:\WINDOWS\system32;C:\WINDOWS;C:\WINDOWS\System32\Wbem;C:\WINDOWS\System32\WindowsPowerShell\v1.0\;C:\Program Files (x86)\ATI Technologies\ATI.ACE\Core-Static;C:\Program Files\Git\cmd;C:\Program Files\Microsoft SQL Server\Client SDK\ODBC\110\Tools\Binn\;C:\Program Files (x86)\Microsoft SQL Server\120\Tools\Binn\;C:\Program Files\Microsoft SQL Server\120\Tools\Binn\;C:\Program Files\Microsoft SQL Server\120\DTS\Binn\;C:\Program Files (x86)\Windows Kits\8.1\Windows Performance Toolkit\;C:\Program Files\nodejs\;C:\Program Files\Microsoft SQL Server\130\Tools\Binn\;C:\Users\Barak\AppData\Roaming\npm;C:\Users\Barak\AppData\Local\atom\bin
USERNAME=Barak
OS=Windows_NT
PROCESSOR_IDENTIFIER=Intel64 Family 6 Model 42 Stepping 7, GenuineIntel



---------------  S Y S T E M  ---------------

OS: Windows 10.0 , 64 bit Build 10586 (10.0.10586.589)

CPU:total 4 (2 cores per cpu, 2 threads per core) family 6 model 42 stepping 7, cmov, cx8, fxsr, mmx, sse, sse2, sse3, ssse3, sse4.1, sse4.2, popcnt, avx, clmul, ht, tsc, tscinvbit

Memory: 4k page, physical 8297704k(838432k free), swap 12060088k(3700k free)

vm_info: Java HotSpot(TM) 64-Bit Server VM (25.101-b13) for windows-amd64 JRE (1.8.0_101-b13), built on Jun 22 2016 01:21:29 by "java_re" with MS VC++ 10.0 (VS2010)

time: Mon Sep 26 22:35:02 2016
elapsed time: 15 seconds (0d 0h 0m 15s)

